0 verbose cli /usr/local/bin/node /usr/local/bin/npm
1 info using npm@10.2.3
2 info using node@v18.19.0
3 timing npm:load:whichnode Completed in 1ms
4 timing config:load:defaults Completed in 2ms
5 timing config:load:file:/usr/local/lib/node_modules/npm/npmrc Completed in 4ms
6 timing config:load:builtin Completed in 5ms
7 timing config:load:cli Completed in 8ms
8 timing config:load:env Completed in 0ms
9 timing config:load:project Completed in 7ms
10 timing config:load:file:/usr/src/node-red/.npmrc Completed in 0ms
11 timing config:load:user Completed in 0ms
12 timing config:load:file:/usr/local/etc/npmrc Completed in 4ms
13 timing config:load:global Completed in 4ms
14 timing config:load:setEnvs Completed in 1ms
15 timing config:load Completed in 29ms
16 timing npm:load:configload Completed in 30ms
17 timing config:load:flatten Completed in 5ms
18 timing npm:load:mkdirpcache Completed in 3ms
19 timing npm:load:mkdirplogs Completed in 2ms
20 verbose title npm
21 verbose argv "--version"
22 timing npm:load:setTitle Completed in 1ms
23 timing npm:load:display Completed in 2ms
24 verbose logfile logs-max:10 dir:/data/.npm/_logs/2024-04-02T02_18_44_574Z-
25 verbose logfile /data/.npm/_logs/2024-04-02T02_18_44_574Z-debug-0.log
26 timing npm:load:logFile Completed in 28ms
27 timing npm:load:timers Completed in 0ms
28 timing npm:load:configScope Completed in 0ms
29 timing npm:load Completed in 97ms
30 verbose exit 0
31 timing npm Completed in 107ms
32 info ok
