0 verbose cli /usr/local/bin/node /usr/local/bin/npm
1 info using npm@10.2.3
2 info using node@v18.19.0
3 timing npm:load:whichnode Completed in 2ms
4 timing config:load:defaults Completed in 2ms
5 timing config:load:file:/usr/local/lib/node_modules/npm/npmrc Completed in 4ms
6 timing config:load:builtin Completed in 6ms
7 warn config production Use `--omit=dev` instead.
8 timing config:load:cli Completed in 8ms
9 timing config:load:env Completed in 0ms
10 timing config:load:file:/data/.npmrc Completed in 0ms
11 timing config:load:project Completed in 7ms
12 timing config:load:file:/usr/src/node-red/.npmrc Completed in 0ms
13 timing config:load:user Completed in 0ms
14 timing config:load:file:/usr/local/etc/npmrc Completed in 3ms
15 timing config:load:global Completed in 3ms
16 timing config:load:setEnvs Completed in 1ms
17 timing config:load Completed in 28ms
18 timing npm:load:configload Completed in 28ms
19 timing config:load:flatten Completed in 4ms
20 timing npm:load:mkdirpcache Completed in 2ms
21 timing npm:load:mkdirplogs Completed in 4ms
22 verbose title npm install node-red-contrib-ui-led@0.4.11
23 verbose argv "install" "--no-audit" "--no-update-notifier" "--no-fund" "--save" "--save-prefix" "~" "--production" "--engine-strict" "node-red-contrib-ui-led@0.4.11"
24 timing npm:load:setTitle Completed in 2ms
25 timing npm:load:display Completed in 2ms
26 verbose logfile logs-max:10 dir:/data/.npm/_logs/2024-03-20T02_35_53_210Z-
27 verbose logfile /data/.npm/_logs/2024-03-20T02_35_53_210Z-debug-0.log
28 timing npm:load:logFile Completed in 26ms
29 timing npm:load:timers Completed in 0ms
30 timing npm:load:configScope Completed in 0ms
31 timing npm:load Completed in 94ms
32 timing arborist:ctor Completed in 1ms
33 silly logfile done cleaning log files
34 timing idealTree:init Completed in 104ms
35 timing idealTree:userRequests Completed in 2ms
36 silly idealTree buildDeps
37 silly fetch manifest node-red-contrib-ui-led@0.4.11
38 timing arborist:ctor Completed in 0ms
39 http fetch GET 200 https://registry.npmjs.org/node-red-contrib-ui-led 1098ms (cache miss)
40 silly fetch manifest node-red-dashboard@~3.6.5
41 http fetch GET 200 https://registry.npmjs.org/node-red-dashboard 71ms (cache hit)
42 silly placeDep ROOT node-red-contrib-ui-led@0.4.11 OK for: node-red-project@0.0.1 want: 0.4.11
43 timing idealTree:#root Completed in 1192ms
44 timing idealTree:node_modules/node-red-contrib-ui-led Completed in 0ms
45 timing idealTree:buildDeps Completed in 1195ms
46 timing idealTree:fixDepFlags Completed in 1ms
47 timing idealTree Completed in 1310ms
48 timing reify:loadTrees Completed in 1313ms
49 timing reify:diffTrees Completed in 33ms
50 silly reify moves {}
51 timing reify:retireShallow Completed in 2ms
52 timing reify:createSparse Completed in 5ms
53 timing reify:trashOmits Completed in 0ms
54 timing reify:loadBundles Completed in 0ms
55 silly tarball no local data for node-red-contrib-ui-led@https://registry.npmjs.org/node-red-contrib-ui-led/-/node-red-contrib-ui-led-0.4.11.tgz. Extracting by manifest.
56 http fetch GET 200 https://registry.npmjs.org/node-red-contrib-ui-led/-/node-red-contrib-ui-led-0.4.11.tgz 220ms (cache miss)
57 timing reifyNode:node_modules/node-red-contrib-ui-led Completed in 238ms
58 timing reify:unpack Completed in 239ms
59 timing reify:unretire Completed in 0ms
60 timing build:queue Completed in 1ms
61 timing build:deps Completed in 2ms
62 timing build Completed in 2ms
63 timing reify:build Completed in 3ms
64 timing reify:trash Completed in 0ms
65 timing reify:save Completed in 69ms
66 timing reify Completed in 1718ms
67 silly ADD node_modules/node-red-contrib-ui-led
68 timing command:install Completed in 1725ms
69 verbose exit 0
70 timing npm Completed in 2111ms
71 info ok
