0 verbose cli /usr/local/bin/node /usr/local/bin/npm
1 info using npm@10.2.3
2 info using node@v18.19.0
3 timing npm:load:whichnode Completed in 2ms
4 timing config:load:defaults Completed in 3ms
5 timing config:load:file:/usr/local/lib/node_modules/npm/npmrc Completed in 2ms
6 timing config:load:builtin Completed in 2ms
7 warn config production Use `--omit=dev` instead.
8 timing config:load:cli Completed in 8ms
9 timing config:load:env Completed in 0ms
10 timing config:load:file:/data/.npmrc Completed in 1ms
11 timing config:load:project Completed in 8ms
12 timing config:load:file:/usr/src/node-red/.npmrc Completed in 0ms
13 timing config:load:user Completed in 0ms
14 timing config:load:file:/usr/local/etc/npmrc Completed in 2ms
15 timing config:load:global Completed in 3ms
16 timing config:load:setEnvs Completed in 1ms
17 timing config:load Completed in 26ms
18 timing npm:load:configload Completed in 26ms
19 timing config:load:flatten Completed in 4ms
20 timing npm:load:mkdirpcache Completed in 2ms
21 timing npm:load:mkdirplogs Completed in 3ms
22 verbose title npm install node-red-contrib-opcua-server@1.1.1
23 verbose argv "install" "--no-audit" "--no-update-notifier" "--no-fund" "--save" "--save-prefix" "~" "--production" "--engine-strict" "node-red-contrib-opcua-server@1.1.1"
24 timing npm:load:setTitle Completed in 2ms
25 timing npm:load:display Completed in 2ms
26 verbose logfile logs-max:10 dir:/data/.npm/_logs/2024-03-20T02_38_05_057Z-
27 verbose logfile /data/.npm/_logs/2024-03-20T02_38_05_057Z-debug-0.log
28 timing npm:load:logFile Completed in 24ms
29 timing npm:load:timers Completed in 0ms
30 timing npm:load:configScope Completed in 0ms
31 timing npm:load Completed in 93ms
32 timing arborist:ctor Completed in 2ms
33 silly logfile done cleaning log files
34 timing idealTree:init Completed in 448ms
35 timing idealTree:userRequests Completed in 3ms
36 silly idealTree buildDeps
37 silly fetch manifest node-red-contrib-opcua-server@1.1.1
38 timing arborist:ctor Completed in 1ms
39 http fetch GET 200 https://registry.npmjs.org/node-red-contrib-opcua-server 1373ms (cache miss)
40 silly placeDep ROOT node-red-contrib-opcua-server@1.1.1 OK for: node-red-project@0.0.1 want: 1.1.1
41 silly fetch manifest better-assert@~1.0.2
42 silly fetch manifest node-opcua@~2.64.1
43 http fetch GET 200 https://registry.npmjs.org/node-opcua 94ms (cache hit)
44 http fetch GET 200 https://registry.npmjs.org/better-assert 129ms (cache miss)
45 timing idealTree:#root Completed in 1528ms
46 silly placeDep ROOT better-assert@1.0.2 OK for: node-red-contrib-opcua-server@1.1.1 want: ~1.0.2
47 silly fetch manifest callsite@1.0.0
48 silly placeDep node_modules/node-red-contrib-opcua-server node-opcua@2.64.1 OK for: node-red-contrib-opcua-server@1.1.1 want: ~2.64.1
49 silly fetch manifest node-opcua-address-space@2.64.1
50 silly fetch manifest node-opcua-address-space-for-conformance-testing@2.64.1
51 silly fetch manifest node-opcua-aggregates@2.64.1
52 silly fetch manifest node-opcua-assert@2.64.1
53 silly fetch manifest node-opcua-basic-types@2.64.1
54 silly fetch manifest node-opcua-binary-stream@2.64.1
55 silly fetch manifest node-opcua-certificate-manager@2.64.1
56 silly fetch manifest node-opcua-client@2.64.1
57 silly fetch manifest node-opcua-client-crawler@2.64.1
58 silly fetch manifest node-opcua-client-proxy@2.64.1
59 silly fetch manifest node-opcua-common@2.64.1
60 silly fetch manifest node-opcua-constants@2.64.1
61 silly fetch manifest node-opcua-crypto@^1.9.0
62 silly fetch manifest node-opcua-data-access@2.64.1
63 silly fetch manifest node-opcua-data-model@2.64.1
64 silly fetch manifest node-opcua-data-value@2.64.1
65 silly fetch manifest node-opcua-debug@2.64.1
66 silly fetch manifest node-opcua-enum@2.64.1
67 silly fetch manifest node-opcua-factory@2.64.1
68 silly fetch manifest node-opcua-hostname@2.64.1
69 silly fetch manifest node-opcua-nodeid@2.64.1
70 silly fetch manifest node-opcua-nodesets@2.64.1
71 silly fetch manifest node-opcua-numeric-range@2.64.1
72 silly fetch manifest node-opcua-packet-analyzer@2.64.1
73 silly fetch manifest node-opcua-secure-channel@2.64.1
74 silly fetch manifest node-opcua-server@2.64.1
75 silly fetch manifest node-opcua-server-discovery@2.64.1
76 silly fetch manifest node-opcua-service-browse@2.64.1
77 silly fetch manifest node-opcua-service-call@2.64.1
78 silly fetch manifest node-opcua-service-discovery@2.64.1
79 silly fetch manifest node-opcua-service-endpoints@2.64.1
80 silly fetch manifest node-opcua-service-filter@2.64.1
81 silly fetch manifest node-opcua-service-history@2.64.1
82 silly fetch manifest node-opcua-service-node-management@2.64.1
83 silly fetch manifest node-opcua-service-query@2.64.1
84 silly fetch manifest node-opcua-service-read@2.64.1
85 silly fetch manifest node-opcua-service-register-node@2.64.1
86 silly fetch manifest node-opcua-service-secure-channel@2.64.1
87 silly fetch manifest node-opcua-service-session@2.64.1
88 silly fetch manifest node-opcua-service-subscription@2.64.1
89 silly fetch manifest node-opcua-service-translate-browse-path@2.64.1
90 silly fetch manifest node-opcua-service-write@2.64.1
91 silly fetch manifest node-opcua-status-code@2.64.1
92 silly fetch manifest node-opcua-transport@2.64.1
93 silly fetch manifest node-opcua-types@2.64.1
94 silly fetch manifest node-opcua-utils@2.64.1
95 silly fetch manifest node-opcua-variant@2.64.1
96 silly fetch manifest node-opcua-vendor-diagnostic@2.64.1
97 http fetch GET 200 https://registry.npmjs.org/callsite 765ms (cache miss)
98 http fetch GET 200 https://registry.npmjs.org/node-opcua-assert 741ms (cache hit)
99 http fetch GET 200 https://registry.npmjs.org/node-opcua-aggregates 757ms (cache hit)
100 http fetch GET 200 https://registry.npmjs.org/node-opcua-binary-stream 782ms (cache hit)
101 http fetch GET 200 https://registry.npmjs.org/node-opcua-address-space-for-conformance-testing 790ms (cache hit)
102 http fetch GET 200 https://registry.npmjs.org/node-opcua-basic-types 796ms (cache hit)
103 http fetch GET 200 https://registry.npmjs.org/node-opcua-address-space 809ms (cache hit)
104 http fetch GET 200 https://registry.npmjs.org/node-opcua-certificate-manager 813ms (cache hit)
105 http fetch GET 200 https://registry.npmjs.org/node-opcua-client-crawler 816ms (cache hit)
106 http fetch GET 200 https://registry.npmjs.org/node-opcua-constants 824ms (cache hit)
107 http fetch GET 200 https://registry.npmjs.org/node-opcua-crypto 825ms (cache hit)
108 http fetch GET 200 https://registry.npmjs.org/node-opcua-common 836ms (cache hit)
109 http fetch GET 200 https://registry.npmjs.org/node-opcua-client-proxy 845ms (cache hit)
110 http fetch GET 200 https://registry.npmjs.org/node-opcua-factory 839ms (cache hit)
111 http fetch GET 200 https://registry.npmjs.org/node-opcua-data-access 849ms (cache hit)
112 http fetch GET 200 https://registry.npmjs.org/node-opcua-client 863ms (cache hit)
113 http fetch GET 200 https://registry.npmjs.org/node-opcua-debug 860ms (cache hit)
114 http fetch GET 200 https://registry.npmjs.org/node-opcua-hostname 862ms (cache hit)
115 http fetch GET 200 https://registry.npmjs.org/node-opcua-enum 866ms (cache hit)
116 http fetch GET 200 https://registry.npmjs.org/node-opcua-nodesets 862ms (cache hit)
117 http fetch GET 200 https://registry.npmjs.org/node-opcua-data-model 872ms (cache hit)
118 http fetch GET 200 https://registry.npmjs.org/node-opcua-numeric-range 867ms (cache hit)
119 http fetch GET 200 https://registry.npmjs.org/node-opcua-packet-analyzer 868ms (cache hit)
120 http fetch GET 200 https://registry.npmjs.org/node-opcua-nodeid 878ms (cache hit)
121 http fetch GET 200 https://registry.npmjs.org/node-opcua-server-discovery 871ms (cache hit)
122 http fetch GET 200 https://registry.npmjs.org/node-opcua-service-browse 874ms (cache hit)
123 http fetch GET 200 https://registry.npmjs.org/node-opcua-service-discovery 877ms (cache hit)
124 http fetch GET 200 https://registry.npmjs.org/node-opcua-server 889ms (cache hit)
125 http fetch GET 200 https://registry.npmjs.org/node-opcua-secure-channel 905ms (cache hit)
126 http fetch GET 200 https://registry.npmjs.org/node-opcua-service-endpoints 900ms (cache hit)
127 http fetch GET 200 https://registry.npmjs.org/node-opcua-service-node-management 898ms (cache hit)
128 http fetch GET 200 https://registry.npmjs.org/node-opcua-service-query 901ms (cache hit)
129 http fetch GET 200 https://registry.npmjs.org/node-opcua-service-history 911ms (cache hit)
130 http fetch GET 200 https://registry.npmjs.org/node-opcua-service-secure-channel 905ms (cache hit)
131 http fetch GET 200 https://registry.npmjs.org/node-opcua-service-read 915ms (cache hit)
132 http fetch GET 200 https://registry.npmjs.org/node-opcua-service-session 914ms (cache hit)
133 http fetch GET 200 https://registry.npmjs.org/node-opcua-service-subscription 917ms (cache hit)
134 http fetch GET 200 https://registry.npmjs.org/node-opcua-service-filter 937ms (cache hit)
135 http fetch GET 200 https://registry.npmjs.org/node-opcua-data-value 967ms (cache hit)
136 http fetch GET 200 https://registry.npmjs.org/node-opcua-utils 920ms (cache hit)
137 http fetch GET 200 https://registry.npmjs.org/node-opcua-service-write 932ms (cache hit)
138 http fetch GET 200 https://registry.npmjs.org/node-opcua-service-call 969ms (cache hit)
139 http fetch GET 200 https://registry.npmjs.org/node-opcua-service-translate-browse-path 953ms (cache hit)
140 http fetch GET 200 https://registry.npmjs.org/node-opcua-transport 952ms (cache hit)
141 http fetch GET 200 https://registry.npmjs.org/node-opcua-service-register-node 969ms (cache hit)
142 http fetch GET 200 https://registry.npmjs.org/node-opcua-status-code 984ms (cache hit)
143 http fetch GET 200 https://registry.npmjs.org/node-opcua-types 986ms (cache hit)
144 http fetch GET 200 https://registry.npmjs.org/node-opcua-variant 989ms (cache hit)
145 http fetch GET 200 https://registry.npmjs.org/node-opcua-vendor-diagnostic 1000ms (cache hit)
146 timing idealTree:node_modules/node-red-contrib-opcua-server Completed in 1106ms
147 silly placeDep ROOT callsite@1.0.0 OK for: better-assert@1.0.2 want: 1.0.0
148 timing idealTree:node_modules/better-assert Completed in 4ms
149 timing idealTree:node_modules/callsite Completed in 0ms
150 silly placeDep node_modules/node-red-contrib-opcua-server node-opcua-address-space@2.64.1 OK for: node-opcua@2.64.1 want: 2.64.1
151 silly fetch manifest @types/lodash@4.14.179
152 silly fetch manifest node-opcua-address-space-base@2.64.1
153 silly fetch manifest node-opcua-client-dynamic-extension-object@2.64.1
154 silly fetch manifest node-opcua-date-time@2.64.1
155 silly fetch manifest node-opcua-nodeset-ua@2.64.1
156 silly fetch manifest node-opcua-object-registry@2.64.1
157 silly fetch manifest node-opcua-pseudo-session@2.64.1
158 silly fetch manifest node-opcua-schemas@2.64.1
159 silly fetch manifest node-opcua-xml2json@2.64.1
160 silly placeDep node_modules/node-red-contrib-opcua-server node-opcua-address-space-for-conformance-testing@2.64.1 OK for: node-opcua@2.64.1 want: 2.64.1
161 silly placeDep node_modules/node-red-contrib-opcua-server node-opcua-aggregates@2.64.1 OK for: node-opcua@2.64.1 want: 2.64.1
162 silly placeDep node_modules/node-red-contrib-opcua-server node-opcua-assert@2.64.1 OK for: node-opcua@2.64.1 want: 2.64.1
163 silly placeDep node_modules/node-red-contrib-opcua-server node-opcua-basic-types@2.64.1 OK for: node-opcua@2.64.1 want: 2.64.1
164 silly fetch manifest node-opcua-buffer-utils@2.64.1
165 silly fetch manifest node-opcua-guid@2.64.1
166 silly placeDep node_modules/node-red-contrib-opcua-server node-opcua-binary-stream@2.64.1 OK for: node-opcua@2.64.1 want: 2.64.1
167 silly placeDep node_modules/node-red-contrib-opcua-server node-opcua-certificate-manager@2.64.1 OK for: node-opcua@2.64.1 want: 2.64.1
168 silly fetch manifest @types/mkdirp@1.0.1
169 silly fetch manifest delayed@^2.0.0
170 silly fetch manifest node-opcua-pki@^2.14.0
171 silly fetch manifest once@^1.4.0
172 silly placeDep node_modules/node-red-contrib-opcua-server node-opcua-client@2.64.1 OK for: node-opcua@2.64.1 want: 2.64.1
173 silly fetch manifest @ster5/global-mutex@^1.2.0
174 silly fetch manifest @types/once@^1.4.0
175 silly fetch manifest @types/underscore@^1.11.4
176 silly fetch manifest callbackify@^1.1.0
177 silly fetch manifest node-opcua-extension-object@2.64.1
178 silly placeDep node_modules/node-red-contrib-opcua-server node-opcua-client-crawler@2.64.1 OK for: node-opcua@2.64.1 want: 2.64.1
179 silly placeDep node_modules/node-red-contrib-opcua-server node-opcua-client-proxy@2.64.1 OK for: node-opcua@2.64.1 want: 2.64.1
180 silly placeDep node_modules/node-red-contrib-opcua-server node-opcua-common@2.64.1 OK for: node-opcua@2.64.1 want: 2.64.1
181 silly placeDep node_modules/node-red-contrib-opcua-server node-opcua-constants@2.64.1 OK for: node-opcua@2.64.1 want: 2.64.1
182 silly placeDep node_modules/node-red-contrib-opcua-server node-opcua-crypto@1.12.0 OK for: node-opcua@2.64.1 want: ^1.9.0
183 silly fetch manifest hexy@0.3.4
184 silly fetch manifest jsrsasign@^10.5.27
185 silly placeDep node_modules/node-red-contrib-opcua-server node-opcua-data-access@2.64.1 OK for: node-opcua@2.64.1 want: 2.64.1
186 silly placeDep node_modules/node-red-contrib-opcua-server node-opcua-data-model@2.64.1 OK for: node-opcua@2.64.1 want: 2.64.1
187 silly placeDep node_modules/node-red-contrib-opcua-server node-opcua-data-value@2.64.1 OK for: node-opcua@2.64.1 want: 2.64.1
188 silly placeDep node_modules/node-red-contrib-opcua-server node-opcua-debug@2.64.1 OK for: node-opcua@2.64.1 want: 2.64.1
189 silly placeDep node_modules/node-red-contrib-opcua-server node-opcua-enum@2.64.1 OK for: node-opcua@2.64.1 want: 2.64.1
190 silly placeDep node_modules/node-red-contrib-opcua-server node-opcua-factory@2.64.1 OK for: node-opcua@2.64.1 want: 2.64.1
191 silly placeDep node_modules/node-red-contrib-opcua-server node-opcua-hostname@2.64.1 OK for: node-opcua@2.64.1 want: 2.64.1
192 silly placeDep node_modules/node-red-contrib-opcua-server node-opcua-nodeid@2.64.1 OK for: node-opcua@2.64.1 want: 2.64.1
193 silly placeDep node_modules/node-red-contrib-opcua-server node-opcua-nodesets@2.64.1 OK for: node-opcua@2.64.1 want: 2.64.1
194 silly placeDep node_modules/node-red-contrib-opcua-server node-opcua-numeric-range@2.64.1 OK for: node-opcua@2.64.1 want: 2.64.1
195 silly placeDep node_modules/node-red-contrib-opcua-server node-opcua-packet-analyzer@2.64.1 OK for: node-opcua@2.64.1 want: 2.64.1
196 silly placeDep node_modules/node-red-contrib-opcua-server node-opcua-secure-channel@2.64.1 OK for: node-opcua@2.64.1 want: 2.64.1
197 silly fetch manifest @types/underscore@1.11.4
198 silly fetch manifest node-opcua-chunkmanager@2.64.1
199 silly placeDep node_modules/node-red-contrib-opcua-server node-opcua-server@2.64.1 OK for: node-opcua@2.64.1 want: 2.64.1
200 silly fetch manifest bonjour@^3.5.0
201 silly placeDep node_modules/node-red-contrib-opcua-server node-opcua-server-discovery@2.64.1 OK for: node-opcua@2.64.1 want: 2.64.1
202 silly fetch manifest @types/bonjour@^3.5.10
203 silly placeDep node_modules/node-red-contrib-opcua-server node-opcua-service-browse@2.64.1 OK for: node-opcua@2.64.1 want: 2.64.1
204 silly placeDep node_modules/node-red-contrib-opcua-server node-opcua-service-call@2.64.1 OK for: node-opcua@2.64.1 want: 2.64.1
205 silly placeDep node_modules/node-red-contrib-opcua-server node-opcua-service-discovery@2.64.1 OK for: node-opcua@2.64.1 want: 2.64.1
206 silly placeDep node_modules/node-red-contrib-opcua-server node-opcua-service-endpoints@2.64.1 OK for: node-opcua@2.64.1 want: 2.64.1
207 silly placeDep node_modules/node-red-contrib-opcua-server node-opcua-service-filter@2.64.1 OK for: node-opcua@2.64.1 want: 2.64.1
208 silly placeDep node_modules/node-red-contrib-opcua-server node-opcua-service-history@2.64.1 OK for: node-opcua@2.64.1 want: 2.64.1
209 silly placeDep node_modules/node-red-contrib-opcua-server node-opcua-service-node-management@2.64.1 OK for: node-opcua@2.64.1 want: 2.64.1
210 silly placeDep node_modules/node-red-contrib-opcua-server node-opcua-service-query@2.64.1 OK for: node-opcua@2.64.1 want: 2.64.1
211 silly placeDep node_modules/node-red-contrib-opcua-server node-opcua-service-read@2.64.1 OK for: node-opcua@2.64.1 want: 2.64.1
212 silly placeDep node_modules/node-red-contrib-opcua-server node-opcua-service-register-node@2.64.1 OK for: node-opcua@2.64.1 want: 2.64.1
213 silly placeDep node_modules/node-red-contrib-opcua-server node-opcua-service-secure-channel@2.64.1 OK for: node-opcua@2.64.1 want: 2.64.1
214 silly placeDep node_modules/node-red-contrib-opcua-server node-opcua-service-session@2.64.1 OK for: node-opcua@2.64.1 want: 2.64.1
215 silly placeDep node_modules/node-red-contrib-opcua-server node-opcua-service-subscription@2.64.1 OK for: node-opcua@2.64.1 want: 2.64.1
216 silly placeDep node_modules/node-red-contrib-opcua-server node-opcua-service-translate-browse-path@2.64.1 OK for: node-opcua@2.64.1 want: 2.64.1
217 silly placeDep node_modules/node-red-contrib-opcua-server node-opcua-service-write@2.64.1 OK for: node-opcua@2.64.1 want: 2.64.1
218 silly placeDep node_modules/node-red-contrib-opcua-server node-opcua-status-code@2.64.1 OK for: node-opcua@2.64.1 want: 2.64.1
219 silly placeDep node_modules/node-red-contrib-opcua-server node-opcua-transport@2.64.1 OK for: node-opcua@2.64.1 want: 2.64.1
220 silly fetch manifest node-opcua-packet-assembler@2.64.1
221 silly placeDep node_modules/node-red-contrib-opcua-server node-opcua-types@2.64.1 OK for: node-opcua@2.64.1 want: 2.64.1
222 silly fetch manifest node-opcua-generator@2.64.1
223 silly placeDep node_modules/node-red-contrib-opcua-server node-opcua-utils@2.64.1 OK for: node-opcua@2.64.1 want: 2.64.1
224 silly placeDep node_modules/node-red-contrib-opcua-server node-opcua-variant@2.64.1 OK for: node-opcua@2.64.1 want: 2.64.1
225 silly placeDep node_modules/node-red-contrib-opcua-server node-opcua-vendor-diagnostic@2.64.1 OK for: node-opcua@2.64.1 want: 2.64.1
226 http fetch GET 200 https://registry.npmjs.org/node-opcua-date-time 831ms (cache hit)
227 http fetch GET 200 https://registry.npmjs.org/node-opcua-nodeset-ua 834ms (cache hit)
228 http fetch GET 200 https://registry.npmjs.org/node-opcua-address-space-base 845ms (cache hit)
229 http fetch GET 200 https://registry.npmjs.org/node-opcua-schemas 841ms (cache hit)
230 http fetch GET 200 https://registry.npmjs.org/node-opcua-client-dynamic-extension-object 857ms (cache hit)
231 http fetch GET 200 https://registry.npmjs.org/node-opcua-object-registry 855ms (cache hit)
232 http fetch GET 200 https://registry.npmjs.org/@types%2flodash 868ms (cache hit)
233 http fetch GET 200 https://registry.npmjs.org/@types%2fmkdirp 812ms (cache hit)
234 http fetch GET 200 https://registry.npmjs.org/node-opcua-buffer-utils 832ms (cache hit)
235 http fetch GET 200 https://registry.npmjs.org/node-opcua-pseudo-session 868ms (cache hit)
236 http fetch GET 200 https://registry.npmjs.org/node-opcua-xml2json 867ms (cache hit)
237 http fetch GET 200 https://registry.npmjs.org/@ster5%2fglobal-mutex 801ms (cache hit)
238 http fetch GET 200 https://registry.npmjs.org/node-opcua-extension-object 793ms (cache hit)
239 http fetch GET 200 https://registry.npmjs.org/hexy 749ms (cache hit)
240 http fetch GET 200 https://registry.npmjs.org/node-opcua-guid 848ms (cache hit)
241 http fetch GET 200 https://registry.npmjs.org/node-opcua-pki 832ms (cache hit)
242 http fetch GET 200 https://registry.npmjs.org/node-opcua-chunkmanager 660ms (cache hit)
243 http fetch GET 200 https://registry.npmjs.org/jsrsasign 766ms (cache hit)
244 http fetch GET 200 https://registry.npmjs.org/node-opcua-packet-assembler 479ms (cache hit)
245 http fetch GET 200 https://registry.npmjs.org/node-opcua-generator 462ms (cache hit)
246 http fetch GET 200 https://registry.npmjs.org/bonjour 672ms (cache miss)
247 http fetch GET 200 https://registry.npmjs.org/@types%2fonce 863ms (cache miss)
248 http fetch GET 200 https://registry.npmjs.org/once 886ms (cache miss)
249 http fetch GET 200 https://registry.npmjs.org/@types%2fbonjour 676ms (cache miss)
250 http fetch GET 200 https://registry.npmjs.org/delayed 1395ms (cache miss)
251 http fetch GET 200 https://registry.npmjs.org/callbackify 1518ms (cache miss)
252 http fetch GET 200 https://registry.npmjs.org/@types%2funderscore 1577ms (cache miss)
253 http fetch GET 200 https://registry.npmjs.org/@types%2funderscore 1424ms (cache miss)
254 timing idealTree:node_modules/node-red-contrib-opcua-server/node_modules/node-opcua Completed in 1763ms
255 silly placeDep node_modules/node-red-contrib-opcua-server @types/lodash@4.14.179 OK for: node-opcua-address-space@2.64.1 want: 4.14.179
256 silly placeDep node_modules/node-red-contrib-opcua-server node-opcua-address-space-base@2.64.1 OK for: node-opcua-address-space@2.64.1 want: 2.64.1
257 silly placeDep node_modules/node-red-contrib-opcua-server node-opcua-client-dynamic-extension-object@2.64.1 OK for: node-opcua-address-space@2.64.1 want: 2.64.1
258 silly placeDep node_modules/node-red-contrib-opcua-server node-opcua-date-time@2.64.1 OK for: node-opcua-address-space@2.64.1 want: 2.64.1
259 silly placeDep node_modules/node-red-contrib-opcua-server node-opcua-nodeset-ua@2.64.1 OK for: node-opcua-address-space@2.64.1 want: 2.64.1
260 silly placeDep node_modules/node-red-contrib-opcua-server node-opcua-object-registry@2.64.1 OK for: node-opcua-address-space@2.64.1 want: 2.64.1
261 silly placeDep node_modules/node-red-contrib-opcua-server node-opcua-pseudo-session@2.64.1 OK for: node-opcua-address-space@2.64.1 want: 2.64.1
262 silly placeDep node_modules/node-red-contrib-opcua-server node-opcua-schemas@2.64.1 OK for: node-opcua-address-space@2.64.1 want: 2.64.1
263 silly placeDep node_modules/node-red-contrib-opcua-server node-opcua-xml2json@2.64.1 OK for: node-opcua-address-space@2.64.1 want: 2.64.1
264 silly fetch manifest bomstrip@^0.1.4
265 http fetch GET 200 https://registry.npmjs.org/bomstrip 883ms (cache miss)
266 timing idealTree:node_modules/node-red-contrib-opcua-server/node_modules/node-opcua-address-space Completed in 966ms
267 timing idealTree:node_modules/node-red-contrib-opcua-server/node_modules/@types/lodash Completed in 0ms
268 timing idealTree:node_modules/node-red-contrib-opcua-server/node_modules/node-opcua-address-space-base Completed in 0ms
269 timing idealTree:node_modules/node-red-contrib-opcua-server/node_modules/node-opcua-address-space-for-conformance-testing Completed in 0ms
270 timing idealTree:node_modules/node-red-contrib-opcua-server/node_modules/node-opcua-aggregates Completed in 0ms
271 timing idealTree:node_modules/node-red-contrib-opcua-server/node_modules/node-opcua-assert Completed in 0ms
272 silly placeDep node_modules/node-red-contrib-opcua-server node-opcua-buffer-utils@2.64.1 OK for: node-opcua-basic-types@2.64.1 want: 2.64.1
273 silly placeDep node_modules/node-red-contrib-opcua-server node-opcua-guid@2.64.1 OK for: node-opcua-basic-types@2.64.1 want: 2.64.1
274 timing idealTree:node_modules/node-red-contrib-opcua-server/node_modules/node-opcua-basic-types Completed in 12ms
275 timing idealTree:node_modules/node-red-contrib-opcua-server/node_modules/node-opcua-binary-stream Completed in 0ms
276 timing idealTree:node_modules/node-red-contrib-opcua-server/node_modules/node-opcua-buffer-utils Completed in 0ms
277 silly placeDep node_modules/node-red-contrib-opcua-server @types/mkdirp@1.0.1 OK for: node-opcua-certificate-manager@2.64.1 want: 1.0.1
278 silly placeDep ROOT delayed@2.0.0 OK for: node-opcua-certificate-manager@2.64.1 want: ^2.0.0
279 silly placeDep node_modules/node-red-contrib-opcua-server node-opcua-pki@2.19.1 OK for: node-opcua-certificate-manager@2.64.1 want: ^2.14.0
280 silly fetch manifest minimist@^1.2.7
281 silly fetch manifest rimraf@^3.0.2
282 silly fetch manifest yargs@17.5.1
283 silly fetch manifest yauzl@^2.10.0
284 silly placeDep ROOT once@1.4.0 OK for: node-opcua-certificate-manager@2.64.1 want: ^1.4.0
285 silly fetch manifest wrappy@1
286 http fetch GET 200 https://registry.npmjs.org/rimraf 67ms (cache hit)
287 http fetch GET 200 https://registry.npmjs.org/yargs 71ms (cache hit)
288 http fetch GET 200 https://registry.npmjs.org/minimist 77ms (cache hit)
289 http fetch GET 200 https://registry.npmjs.org/yauzl 76ms (cache hit)
290 http fetch GET 200 https://registry.npmjs.org/wrappy 99ms (cache miss)
291 timing idealTree:node_modules/node-red-contrib-opcua-server/node_modules/node-opcua-certificate-manager Completed in 129ms
292 timing idealTree:node_modules/delayed Completed in 0ms
293 silly placeDep ROOT wrappy@1.0.2 OK for: once@1.4.0 want: 1
294 timing idealTree:node_modules/once Completed in 2ms
295 timing idealTree:node_modules/wrappy Completed in 0ms
296 timing idealTree:node_modules/node-red-contrib-opcua-server/node_modules/@types/mkdirp Completed in 0ms
297 silly placeDep node_modules/node-red-contrib-opcua-server @ster5/global-mutex@1.3.0 OK for: node-opcua-client@2.64.1 want: ^1.2.0
298 silly placeDep ROOT @types/once@1.4.4 OK for: node-opcua-client@2.64.1 want: ^1.4.0
299 silly placeDep ROOT @types/underscore@1.11.15 OK for: node-opcua-client@2.64.1 want: ^1.11.4
300 silly placeDep ROOT callbackify@1.1.0 OK for: node-opcua-client@2.64.1 want: ^1.1.0
301 silly placeDep node_modules/node-red-contrib-opcua-server node-opcua-extension-object@2.64.1 OK for: node-opcua-client@2.64.1 want: 2.64.1
302 timing idealTree:node_modules/node-red-contrib-opcua-server/node_modules/node-opcua-client Completed in 27ms
303 timing idealTree:node_modules/@types/once Completed in 0ms
304 timing idealTree:node_modules/@types/underscore Completed in 0ms
305 timing idealTree:node_modules/callbackify Completed in 0ms
306 timing idealTree:node_modules/node-red-contrib-opcua-server/node_modules/@ster5/global-mutex Completed in 0ms
307 timing idealTree:node_modules/node-red-contrib-opcua-server/node_modules/node-opcua-client-crawler Completed in 0ms
308 timing idealTree:node_modules/node-red-contrib-opcua-server/node_modules/node-opcua-client-dynamic-extension-object Completed in 0ms
309 timing idealTree:node_modules/node-red-contrib-opcua-server/node_modules/node-opcua-client-proxy Completed in 0ms
310 timing idealTree:node_modules/node-red-contrib-opcua-server/node_modules/node-opcua-common Completed in 0ms
311 timing idealTree:node_modules/node-red-contrib-opcua-server/node_modules/node-opcua-constants Completed in 0ms
312 silly placeDep node_modules/node-red-contrib-opcua-server hexy@0.3.4 OK for: node-opcua-crypto@1.12.0 want: 0.3.4
313 silly placeDep node_modules/node-red-contrib-opcua-server jsrsasign@10.9.0 OK for: node-opcua-crypto@1.12.0 want: ^10.5.27
314 timing idealTree:node_modules/node-red-contrib-opcua-server/node_modules/node-opcua-crypto Completed in 6ms
315 timing idealTree:node_modules/node-red-contrib-opcua-server/node_modules/hexy Completed in 0ms
316 timing idealTree:node_modules/node-red-contrib-opcua-server/node_modules/jsrsasign Completed in 0ms
317 timing idealTree:node_modules/node-red-contrib-opcua-server/node_modules/node-opcua-data-access Completed in 0ms
318 timing idealTree:node_modules/node-red-contrib-opcua-server/node_modules/node-opcua-data-model Completed in 0ms
319 timing idealTree:node_modules/node-red-contrib-opcua-server/node_modules/node-opcua-data-value Completed in 0ms
320 timing idealTree:node_modules/node-red-contrib-opcua-server/node_modules/node-opcua-date-time Completed in 0ms
321 timing idealTree:node_modules/node-red-contrib-opcua-server/node_modules/node-opcua-debug Completed in 0ms
322 timing idealTree:node_modules/node-red-contrib-opcua-server/node_modules/node-opcua-enum Completed in 0ms
323 timing idealTree:node_modules/node-red-contrib-opcua-server/node_modules/node-opcua-extension-object Completed in 0ms
324 timing idealTree:node_modules/node-red-contrib-opcua-server/node_modules/node-opcua-factory Completed in 0ms
325 timing idealTree:node_modules/node-red-contrib-opcua-server/node_modules/node-opcua-guid Completed in 0ms
326 timing idealTree:node_modules/node-red-contrib-opcua-server/node_modules/node-opcua-hostname Completed in 0ms
327 timing idealTree:node_modules/node-red-contrib-opcua-server/node_modules/node-opcua-nodeid Completed in 0ms
328 timing idealTree:node_modules/node-red-contrib-opcua-server/node_modules/node-opcua-nodeset-ua Completed in 0ms
329 timing idealTree:node_modules/node-red-contrib-opcua-server/node_modules/node-opcua-nodesets Completed in 0ms
330 timing idealTree:node_modules/node-red-contrib-opcua-server/node_modules/node-opcua-numeric-range Completed in 1ms
331 timing idealTree:node_modules/node-red-contrib-opcua-server/node_modules/node-opcua-object-registry Completed in 0ms
332 timing idealTree:node_modules/node-red-contrib-opcua-server/node_modules/node-opcua-packet-analyzer Completed in 0ms
333 silly placeDep node_modules/node-red-contrib-opcua-server minimist@1.2.8 OK for: node-opcua-pki@2.19.1 want: ^1.2.7
334 silly placeDep node_modules/node-red-contrib-opcua-server rimraf@3.0.2 OK for: node-opcua-pki@2.19.1 want: ^3.0.2
335 silly fetch manifest glob@^7.1.3
336 silly placeDep node_modules/node-red-contrib-opcua-server yargs@17.5.1 OK for: node-opcua-pki@2.19.1 want: 17.5.1
337 silly fetch manifest cliui@^7.0.2
338 silly placeDep node_modules/node-red-contrib-opcua-server yauzl@2.10.0 OK for: node-opcua-pki@2.19.1 want: ^2.10.0
339 silly fetch manifest fd-slicer@~1.1.0
340 http fetch GET 200 https://registry.npmjs.org/cliui 73ms (cache hit)
341 http fetch GET 200 https://registry.npmjs.org/glob 84ms (cache hit)
342 http fetch GET 200 https://registry.npmjs.org/fd-slicer 90ms (cache miss)
343 timing idealTree:node_modules/node-red-contrib-opcua-server/node_modules/node-opcua-pki Completed in 119ms
344 timing idealTree:node_modules/node-red-contrib-opcua-server/node_modules/minimist Completed in 0ms
345 timing idealTree:node_modules/node-red-contrib-opcua-server/node_modules/node-opcua-pseudo-session Completed in 0ms
346 timing idealTree:node_modules/node-red-contrib-opcua-server/node_modules/node-opcua-schemas Completed in 0ms
347 silly placeDep node_modules/node-red-contrib-opcua-server @types/underscore@1.11.4 OK for: node-opcua-secure-channel@2.64.1 want: 1.11.4
348 silly placeDep node_modules/node-red-contrib-opcua-server node-opcua-chunkmanager@2.64.1 OK for: node-opcua-secure-channel@2.64.1 want: 2.64.1
349 timing idealTree:node_modules/node-red-contrib-opcua-server/node_modules/node-opcua-secure-channel Completed in 14ms
350 timing idealTree:node_modules/node-red-contrib-opcua-server/node_modules/@types/underscore Completed in 0ms
351 silly placeDep node_modules/node-red-contrib-opcua-server node-opcua-packet-assembler@2.64.1 OK for: node-opcua-chunkmanager@2.64.1 want: 2.64.1
352 timing idealTree:node_modules/node-red-contrib-opcua-server/node_modules/node-opcua-chunkmanager Completed in 4ms
353 timing idealTree:node_modules/node-red-contrib-opcua-server/node_modules/node-opcua-packet-assembler Completed in 0ms
354 silly placeDep ROOT bonjour@3.5.0 OK for: node-opcua-server@2.64.1 want: ^3.5.0
355 silly fetch manifest deep-equal@^1.0.1
356 silly fetch manifest dns-txt@^2.0.2
357 silly fetch manifest multicast-dns@^6.0.1
358 silly fetch manifest multicast-dns-service-types@^1.1.0
359 http fetch GET 200 https://registry.npmjs.org/multicast-dns 57ms (cache hit)
360 http fetch GET 200 https://registry.npmjs.org/multicast-dns-service-types 92ms (cache miss)
361 http fetch GET 200 https://registry.npmjs.org/dns-txt 98ms (cache miss)
362 http fetch GET 200 https://registry.npmjs.org/deep-equal 100ms (cache miss)
363 timing idealTree:node_modules/node-red-contrib-opcua-server/node_modules/node-opcua-server Completed in 111ms
364 silly placeDep ROOT deep-equal@1.1.2 OK for: bonjour@3.5.0 want: ^1.0.1
365 silly fetch manifest is-date-object@^1.0.5
366 silly fetch manifest is-regex@^1.1.4
367 silly fetch manifest regexp.prototype.flags@^1.5.1
368 silly placeDep ROOT dns-txt@2.0.2 OK for: bonjour@3.5.0 want: ^2.0.2
369 silly fetch manifest buffer-indexof@^1.0.0
370 silly placeDep node_modules/bonjour multicast-dns@6.2.3 OK for: bonjour@3.5.0 want: ^6.0.1
371 silly fetch manifest dns-packet@^1.3.1
372 silly placeDep ROOT multicast-dns-service-types@1.1.0 OK for: bonjour@3.5.0 want: ^1.1.0
373 http fetch GET 200 https://registry.npmjs.org/dns-packet 67ms (cache hit)
374 http fetch GET 200 https://registry.npmjs.org/is-date-object 119ms (cache miss)
375 http fetch GET 200 https://registry.npmjs.org/is-regex 120ms (cache miss)
376 http fetch GET 200 https://registry.npmjs.org/buffer-indexof 116ms (cache miss)
377 http fetch GET 200 https://registry.npmjs.org/regexp.prototype.flags 127ms (cache miss)
378 timing idealTree:node_modules/bonjour Completed in 149ms
379 silly placeDep ROOT is-date-object@1.0.5 OK for: deep-equal@1.1.2 want: ^1.0.5
380 silly placeDep ROOT is-regex@1.1.4 OK for: deep-equal@1.1.2 want: ^1.1.4
381 silly placeDep ROOT regexp.prototype.flags@1.5.2 OK for: deep-equal@1.1.2 want: ^1.5.1
382 silly fetch manifest set-function-name@^2.0.1
383 http fetch GET 200 https://registry.npmjs.org/set-function-name 69ms (cache miss)
384 timing idealTree:node_modules/deep-equal Completed in 84ms
385 silly placeDep ROOT buffer-indexof@1.1.1 OK for: dns-txt@2.0.2 want: ^1.0.0
386 timing idealTree:node_modules/dns-txt Completed in 3ms
387 timing idealTree:node_modules/buffer-indexof Completed in 0ms
388 timing idealTree:node_modules/is-date-object Completed in 0ms
389 timing idealTree:node_modules/is-regex Completed in 0ms
390 timing idealTree:node_modules/multicast-dns-service-types Completed in 0ms
391 silly placeDep ROOT set-function-name@2.0.2 OK for: regexp.prototype.flags@1.5.2 want: ^2.0.1
392 silly fetch manifest functions-have-names@^1.2.3
393 http fetch GET 200 https://registry.npmjs.org/functions-have-names 81ms (cache miss)
394 timing idealTree:node_modules/regexp.prototype.flags Completed in 92ms
395 silly placeDep ROOT functions-have-names@1.2.3 OK for: set-function-name@2.0.2 want: ^1.2.3
396 timing idealTree:node_modules/set-function-name Completed in 3ms
397 timing idealTree:node_modules/functions-have-names Completed in 0ms
398 silly placeDep node_modules/bonjour dns-packet@1.3.4 OK for: multicast-dns@6.2.3 want: ^1.3.1
399 silly fetch manifest ip@^1.1.0
400 http fetch GET 200 https://registry.npmjs.org/ip 89ms (cache miss)
401 timing idealTree:node_modules/bonjour/node_modules/multicast-dns Completed in 95ms
402 silly placeDep ROOT ip@1.1.9 OK for: dns-packet@1.3.4 want: ^1.1.0
403 timing idealTree:node_modules/bonjour/node_modules/dns-packet Completed in 3ms
404 timing idealTree:node_modules/ip Completed in 0ms
405 silly placeDep ROOT @types/bonjour@3.5.13 OK for: node-opcua-server-discovery@2.64.1 want: ^3.5.10
406 timing idealTree:node_modules/node-red-contrib-opcua-server/node_modules/node-opcua-server-discovery Completed in 4ms
407 timing idealTree:node_modules/@types/bonjour Completed in 0ms
408 timing idealTree:node_modules/node-red-contrib-opcua-server/node_modules/node-opcua-service-browse Completed in 0ms
409 timing idealTree:node_modules/node-red-contrib-opcua-server/node_modules/node-opcua-service-call Completed in 0ms
410 timing idealTree:node_modules/node-red-contrib-opcua-server/node_modules/node-opcua-service-discovery Completed in 0ms
411 timing idealTree:node_modules/node-red-contrib-opcua-server/node_modules/node-opcua-service-endpoints Completed in 0ms
412 timing idealTree:node_modules/node-red-contrib-opcua-server/node_modules/node-opcua-service-filter Completed in 0ms
413 timing idealTree:node_modules/node-red-contrib-opcua-server/node_modules/node-opcua-service-history Completed in 0ms
414 timing idealTree:node_modules/node-red-contrib-opcua-server/node_modules/node-opcua-service-node-management Completed in 0ms
415 timing idealTree:node_modules/node-red-contrib-opcua-server/node_modules/node-opcua-service-query Completed in 0ms
416 timing idealTree:node_modules/node-red-contrib-opcua-server/node_modules/node-opcua-service-read Completed in 0ms
417 timing idealTree:node_modules/node-red-contrib-opcua-server/node_modules/node-opcua-service-register-node Completed in 0ms
418 timing idealTree:node_modules/node-red-contrib-opcua-server/node_modules/node-opcua-service-secure-channel Completed in 0ms
419 timing idealTree:node_modules/node-red-contrib-opcua-server/node_modules/node-opcua-service-session Completed in 1ms
420 timing idealTree:node_modules/node-red-contrib-opcua-server/node_modules/node-opcua-service-subscription Completed in 0ms
421 timing idealTree:node_modules/node-red-contrib-opcua-server/node_modules/node-opcua-service-translate-browse-path Completed in 0ms
422 timing idealTree:node_modules/node-red-contrib-opcua-server/node_modules/node-opcua-service-write Completed in 0ms
423 timing idealTree:node_modules/node-red-contrib-opcua-server/node_modules/node-opcua-status-code Completed in 0ms
424 timing idealTree:node_modules/node-red-contrib-opcua-server/node_modules/node-opcua-transport Completed in 0ms
425 silly placeDep node_modules/node-red-contrib-opcua-server node-opcua-generator@2.64.1 OK for: node-opcua-types@2.64.1 want: 2.64.1
426 timing idealTree:node_modules/node-red-contrib-opcua-server/node_modules/node-opcua-types Completed in 12ms
427 timing idealTree:node_modules/node-red-contrib-opcua-server/node_modules/node-opcua-generator Completed in 0ms
428 timing idealTree:node_modules/node-red-contrib-opcua-server/node_modules/node-opcua-utils Completed in 1ms
429 timing idealTree:node_modules/node-red-contrib-opcua-server/node_modules/node-opcua-variant Completed in 0ms
430 timing idealTree:node_modules/node-red-contrib-opcua-server/node_modules/node-opcua-vendor-diagnostic Completed in 0ms
431 silly placeDep ROOT bomstrip@0.1.4 OK for: node-opcua-xml2json@2.64.1 want: ^0.1.4
432 timing idealTree:node_modules/node-red-contrib-opcua-server/node_modules/node-opcua-xml2json Completed in 3ms
433 timing idealTree:node_modules/bomstrip Completed in 0ms
434 silly placeDep node_modules/node-red-contrib-opcua-server glob@7.2.3 OK for: rimraf@3.0.2 want: ^7.1.3
435 silly fetch manifest inflight@^1.0.4
436 silly fetch manifest minimatch@^3.1.1
437 silly fetch manifest path-is-absolute@^1.0.0
438 http fetch GET 200 https://registry.npmjs.org/minimatch 58ms (cache hit)
439 http fetch GET 200 https://registry.npmjs.org/inflight 85ms (cache miss)
440 http fetch GET 200 https://registry.npmjs.org/path-is-absolute 84ms (cache miss)
441 timing idealTree:node_modules/node-red-contrib-opcua-server/node_modules/rimraf Completed in 96ms
442 silly placeDep ROOT inflight@1.0.6 OK for: glob@7.2.3 want: ^1.0.4
443 silly placeDep node_modules/node-red-contrib-opcua-server minimatch@3.1.2 OK for: glob@7.2.3 want: ^3.1.1
444 silly fetch manifest brace-expansion@^1.1.7
445 silly placeDep ROOT path-is-absolute@1.0.1 OK for: glob@7.2.3 want: ^1.0.0
446 http fetch GET 200 https://registry.npmjs.org/brace-expansion 42ms (cache hit)
447 timing idealTree:node_modules/node-red-contrib-opcua-server/node_modules/glob Completed in 60ms
448 timing idealTree:node_modules/inflight Completed in 1ms
449 timing idealTree:node_modules/path-is-absolute Completed in 0ms
450 silly placeDep node_modules/node-red-contrib-opcua-server brace-expansion@1.1.11 OK for: minimatch@3.1.2 want: ^1.1.7
451 silly fetch manifest concat-map@0.0.1
452 http fetch GET 200 https://registry.npmjs.org/concat-map 85ms (cache miss)
453 timing idealTree:node_modules/node-red-contrib-opcua-server/node_modules/minimatch Completed in 91ms
454 silly placeDep ROOT concat-map@0.0.1 OK for: brace-expansion@1.1.11 want: 0.0.1
455 timing idealTree:node_modules/node-red-contrib-opcua-server/node_modules/brace-expansion Completed in 5ms
456 timing idealTree:node_modules/concat-map Completed in 0ms
457 silly placeDep node_modules/node-red-contrib-opcua-server cliui@7.0.4 OK for: yargs@17.5.1 want: ^7.0.2
458 timing idealTree:node_modules/node-red-contrib-opcua-server/node_modules/yargs Completed in 8ms
459 timing idealTree:node_modules/node-red-contrib-opcua-server/node_modules/cliui Completed in 0ms
460 silly placeDep ROOT fd-slicer@1.1.0 OK for: yauzl@2.10.0 want: ~1.1.0
461 timing idealTree:node_modules/node-red-contrib-opcua-server/node_modules/yauzl Completed in 3ms
462 timing idealTree:node_modules/fd-slicer Completed in 0ms
463 timing idealTree:buildDeps Completed in 6555ms
464 timing idealTree:fixDepFlags Completed in 18ms
465 timing idealTree Completed in 7033ms
466 timing reify:loadTrees Completed in 7035ms
467 timing reify:diffTrees Completed in 72ms
468 silly reify moves {}
469 timing reify:retireShallow Completed in 1ms
470 timing reify:createSparse Completed in 156ms
471 timing reify:trashOmits Completed in 1ms
472 timing reify:loadBundles Completed in 0ms
473 verbose reify failed optional dependency /data/node_modules/fsevents
474 silly reify mark deleted [ '/data/node_modules/fsevents' ]
475 timing reifyNode:node_modules/fsevents Completed in 25ms
476 silly tarball no local data for inflight@https://registry.npmjs.org/inflight/-/inflight-1.0.6.tgz. Extracting by manifest.
477 silly tarball no local data for fd-slicer@https://registry.npmjs.org/fd-slicer/-/fd-slicer-1.1.0.tgz. Extracting by manifest.
478 silly tarball no local data for concat-map@https://registry.npmjs.org/concat-map/-/concat-map-0.0.1.tgz. Extracting by manifest.
479 silly tarball no local data for path-is-absolute@https://registry.npmjs.org/path-is-absolute/-/path-is-absolute-1.0.1.tgz. Extracting by manifest.
480 silly tarball no local data for bomstrip@https://registry.npmjs.org/bomstrip/-/bomstrip-0.1.4.tgz. Extracting by manifest.
481 silly tarball no local data for ip@https://registry.npmjs.org/ip/-/ip-1.1.9.tgz. Extracting by manifest.
482 silly tarball no local data for set-function-name@https://registry.npmjs.org/set-function-name/-/set-function-name-2.0.2.tgz. Extracting by manifest.
483 silly tarball no local data for functions-have-names@https://registry.npmjs.org/functions-have-names/-/functions-have-names-1.2.3.tgz. Extracting by manifest.
484 silly tarball no local data for buffer-indexof@https://registry.npmjs.org/buffer-indexof/-/buffer-indexof-1.1.1.tgz. Extracting by manifest.
485 silly tarball no local data for regexp.prototype.flags@https://registry.npmjs.org/regexp.prototype.flags/-/regexp.prototype.flags-1.5.2.tgz. Extracting by manifest.
486 silly tarball no local data for is-date-object@https://registry.npmjs.org/is-date-object/-/is-date-object-1.0.5.tgz. Extracting by manifest.
487 silly tarball no local data for is-regex@https://registry.npmjs.org/is-regex/-/is-regex-1.1.4.tgz. Extracting by manifest.
488 silly tarball no local data for dns-txt@https://registry.npmjs.org/dns-txt/-/dns-txt-2.0.2.tgz. Extracting by manifest.
489 silly tarball no local data for multicast-dns-service-types@https://registry.npmjs.org/multicast-dns-service-types/-/multicast-dns-service-types-1.1.0.tgz. Extracting by manifest.
490 silly tarball no local data for @types/bonjour@https://registry.npmjs.org/@types/bonjour/-/bonjour-3.5.13.tgz. Extracting by manifest.
491 silly tarball no local data for bonjour@https://registry.npmjs.org/bonjour/-/bonjour-3.5.0.tgz. Extracting by manifest.
492 silly tarball no local data for callbackify@https://registry.npmjs.org/callbackify/-/callbackify-1.1.0.tgz. Extracting by manifest.
493 silly tarball no local data for deep-equal@https://registry.npmjs.org/deep-equal/-/deep-equal-1.1.2.tgz. Extracting by manifest.
494 silly tarball no local data for once@https://registry.npmjs.org/once/-/once-1.4.0.tgz. Extracting by manifest.
495 silly tarball no local data for wrappy@https://registry.npmjs.org/wrappy/-/wrappy-1.0.2.tgz. Extracting by manifest.
496 silly tarball no local data for delayed@https://registry.npmjs.org/delayed/-/delayed-2.0.0.tgz. Extracting by manifest.
497 silly tarball no local data for callsite@https://registry.npmjs.org/callsite/-/callsite-1.0.0.tgz. Extracting by manifest.
498 silly tarball no local data for node-red-contrib-opcua-server@https://registry.npmjs.org/node-red-contrib-opcua-server/-/node-red-contrib-opcua-server-1.1.1.tgz. Extracting by manifest.
499 silly tarball no local data for glob@https://registry.npmjs.org/glob/-/glob-7.2.3.tgz. Extracting by manifest.
500 silly tarball no local data for @types/once@https://registry.npmjs.org/@types/once/-/once-1.4.4.tgz. Extracting by manifest.
501 silly tarball no local data for better-assert@https://registry.npmjs.org/better-assert/-/better-assert-1.0.2.tgz. Extracting by manifest.
502 silly tarball no local data for brace-expansion@https://registry.npmjs.org/brace-expansion/-/brace-expansion-1.1.11.tgz. Extracting by manifest.
503 silly tarball no local data for cliui@https://registry.npmjs.org/cliui/-/cliui-7.0.4.tgz. Extracting by manifest.
504 silly tarball no local data for minimatch@https://registry.npmjs.org/minimatch/-/minimatch-3.1.2.tgz. Extracting by manifest.
505 silly tarball no local data for node-opcua-generator@https://registry.npmjs.org/node-opcua-generator/-/node-opcua-generator-2.64.1.tgz. Extracting by manifest.
506 silly tarball no local data for multicast-dns@https://registry.npmjs.org/multicast-dns/-/multicast-dns-6.2.3.tgz. Extracting by manifest.
507 silly tarball no local data for node-opcua-chunkmanager@https://registry.npmjs.org/node-opcua-chunkmanager/-/node-opcua-chunkmanager-2.64.1.tgz. Extracting by manifest.
508 silly tarball no local data for node-opcua-packet-assembler@https://registry.npmjs.org/node-opcua-packet-assembler/-/node-opcua-packet-assembler-2.64.1.tgz. Extracting by manifest.
509 silly tarball no local data for yargs@https://registry.npmjs.org/yargs/-/yargs-17.5.1.tgz. Extracting by manifest.
510 silly tarball no local data for yauzl@https://registry.npmjs.org/yauzl/-/yauzl-2.10.0.tgz. Extracting by manifest.
511 silly tarball no local data for rimraf@https://registry.npmjs.org/rimraf/-/rimraf-3.0.2.tgz. Extracting by manifest.
512 silly tarball no local data for minimist@https://registry.npmjs.org/minimist/-/minimist-1.2.8.tgz. Extracting by manifest.
513 silly tarball no local data for @types/underscore@https://registry.npmjs.org/@types/underscore/-/underscore-1.11.4.tgz. Extracting by manifest.
514 silly tarball no local data for hexy@https://registry.npmjs.org/hexy/-/hexy-0.3.4.tgz. Extracting by manifest.
515 silly tarball no local data for dns-packet@https://registry.npmjs.org/dns-packet/-/dns-packet-1.3.4.tgz. Extracting by manifest.
516 silly tarball no local data for jsrsasign@https://registry.npmjs.org/jsrsasign/-/jsrsasign-10.9.0.tgz. Extracting by manifest.
517 silly tarball no local data for node-opcua-extension-object@https://registry.npmjs.org/node-opcua-extension-object/-/node-opcua-extension-object-2.64.1.tgz. Extracting by manifest.
518 silly tarball no local data for node-opcua-guid@https://registry.npmjs.org/node-opcua-guid/-/node-opcua-guid-2.64.1.tgz. Extracting by manifest.
519 silly tarball no local data for node-opcua-pki@https://registry.npmjs.org/node-opcua-pki/-/node-opcua-pki-2.19.1.tgz. Extracting by manifest.
520 silly tarball no local data for @ster5/global-mutex@https://registry.npmjs.org/@ster5/global-mutex/-/global-mutex-1.3.0.tgz. Extracting by manifest.
521 silly tarball no local data for node-opcua-buffer-utils@https://registry.npmjs.org/node-opcua-buffer-utils/-/node-opcua-buffer-utils-2.64.1.tgz. Extracting by manifest.
522 silly tarball no local data for node-opcua-xml2json@https://registry.npmjs.org/node-opcua-xml2json/-/node-opcua-xml2json-2.64.1.tgz. Extracting by manifest.
523 silly tarball no local data for node-opcua-schemas@https://registry.npmjs.org/node-opcua-schemas/-/node-opcua-schemas-2.64.1.tgz. Extracting by manifest.
524 silly tarball no local data for node-opcua-nodeset-ua@https://registry.npmjs.org/node-opcua-nodeset-ua/-/node-opcua-nodeset-ua-2.64.1.tgz. Extracting by manifest.
525 silly tarball no local data for @types/mkdirp@https://registry.npmjs.org/@types/mkdirp/-/mkdirp-1.0.1.tgz. Extracting by manifest.
526 silly tarball no local data for node-opcua-object-registry@https://registry.npmjs.org/node-opcua-object-registry/-/node-opcua-object-registry-2.64.1.tgz. Extracting by manifest.
527 silly tarball no local data for node-opcua-pseudo-session@https://registry.npmjs.org/node-opcua-pseudo-session/-/node-opcua-pseudo-session-2.64.1.tgz. Extracting by manifest.
528 silly tarball no local data for node-opcua-date-time@https://registry.npmjs.org/node-opcua-date-time/-/node-opcua-date-time-2.64.1.tgz. Extracting by manifest.
529 silly tarball no local data for node-opcua-client-dynamic-extension-object@https://registry.npmjs.org/node-opcua-client-dynamic-extension-object/-/node-opcua-client-dynamic-extension-object-2.64.1.tgz. Extracting by manifest.
530 silly tarball no local data for node-opcua-address-space-base@https://registry.npmjs.org/node-opcua-address-space-base/-/node-opcua-address-space-base-2.64.1.tgz. Extracting by manifest.
531 silly tarball no local data for node-opcua-vendor-diagnostic@https://registry.npmjs.org/node-opcua-vendor-diagnostic/-/node-opcua-vendor-diagnostic-2.64.1.tgz. Extracting by manifest.
532 silly tarball no local data for node-opcua-utils@https://registry.npmjs.org/node-opcua-utils/-/node-opcua-utils-2.64.1.tgz. Extracting by manifest.
533 silly tarball no local data for node-opcua-variant@https://registry.npmjs.org/node-opcua-variant/-/node-opcua-variant-2.64.1.tgz. Extracting by manifest.
534 silly tarball no local data for node-opcua-types@https://registry.npmjs.org/node-opcua-types/-/node-opcua-types-2.64.1.tgz. Extracting by manifest.
535 silly tarball no local data for @types/lodash@https://registry.npmjs.org/@types/lodash/-/lodash-4.14.179.tgz. Extracting by manifest.
536 silly tarball no local data for node-opcua-transport@https://registry.npmjs.org/node-opcua-transport/-/node-opcua-transport-2.64.1.tgz. Extracting by manifest.
537 silly tarball no local data for node-opcua-service-write@https://registry.npmjs.org/node-opcua-service-write/-/node-opcua-service-write-2.64.1.tgz. Extracting by manifest.
538 silly tarball no local data for node-opcua-service-translate-browse-path@https://registry.npmjs.org/node-opcua-service-translate-browse-path/-/node-opcua-service-translate-browse-path-2.64.1.tgz. Extracting by manifest.
539 silly tarball no local data for node-opcua-service-subscription@https://registry.npmjs.org/node-opcua-service-subscription/-/node-opcua-service-subscription-2.64.1.tgz. Extracting by manifest.
540 silly tarball no local data for node-opcua-status-code@https://registry.npmjs.org/node-opcua-status-code/-/node-opcua-status-code-2.64.1.tgz. Extracting by manifest.
541 silly tarball no local data for node-opcua-service-register-node@https://registry.npmjs.org/node-opcua-service-register-node/-/node-opcua-service-register-node-2.64.1.tgz. Extracting by manifest.
542 silly tarball no local data for node-opcua-service-session@https://registry.npmjs.org/node-opcua-service-session/-/node-opcua-service-session-2.64.1.tgz. Extracting by manifest.
543 silly tarball no local data for node-opcua-service-node-management@https://registry.npmjs.org/node-opcua-service-node-management/-/node-opcua-service-node-management-2.64.1.tgz. Extracting by manifest.
544 silly tarball no local data for node-opcua-service-query@https://registry.npmjs.org/node-opcua-service-query/-/node-opcua-service-query-2.64.1.tgz. Extracting by manifest.
545 silly tarball no local data for node-opcua-service-secure-channel@https://registry.npmjs.org/node-opcua-service-secure-channel/-/node-opcua-service-secure-channel-2.64.1.tgz. Extracting by manifest.
546 silly tarball no local data for node-opcua-service-read@https://registry.npmjs.org/node-opcua-service-read/-/node-opcua-service-read-2.64.1.tgz. Extracting by manifest.
547 silly tarball no local data for node-opcua-service-history@https://registry.npmjs.org/node-opcua-service-history/-/node-opcua-service-history-2.64.1.tgz. Extracting by manifest.
548 silly tarball no local data for node-opcua-service-browse@https://registry.npmjs.org/node-opcua-service-browse/-/node-opcua-service-browse-2.64.1.tgz. Extracting by manifest.
549 silly tarball no local data for node-opcua-service-filter@https://registry.npmjs.org/node-opcua-service-filter/-/node-opcua-service-filter-2.64.1.tgz. Extracting by manifest.
550 silly tarball no local data for node-opcua-server@https://registry.npmjs.org/node-opcua-server/-/node-opcua-server-2.64.1.tgz. Extracting by manifest.
551 silly tarball no local data for node-opcua-service-endpoints@https://registry.npmjs.org/node-opcua-service-endpoints/-/node-opcua-service-endpoints-2.64.1.tgz. Extracting by manifest.
552 silly tarball no local data for node-opcua-service-discovery@https://registry.npmjs.org/node-opcua-service-discovery/-/node-opcua-service-discovery-2.64.1.tgz. Extracting by manifest.
553 silly tarball no local data for node-opcua-server-discovery@https://registry.npmjs.org/node-opcua-server-discovery/-/node-opcua-server-discovery-2.64.1.tgz. Extracting by manifest.
554 silly tarball no local data for node-opcua-secure-channel@https://registry.npmjs.org/node-opcua-secure-channel/-/node-opcua-secure-channel-2.64.1.tgz. Extracting by manifest.
555 silly tarball no local data for node-opcua-service-call@https://registry.npmjs.org/node-opcua-service-call/-/node-opcua-service-call-2.64.1.tgz. Extracting by manifest.
556 silly tarball no local data for node-opcua-packet-analyzer@https://registry.npmjs.org/node-opcua-packet-analyzer/-/node-opcua-packet-analyzer-2.64.1.tgz. Extracting by manifest.
557 silly tarball no local data for node-opcua-numeric-range@https://registry.npmjs.org/node-opcua-numeric-range/-/node-opcua-numeric-range-2.64.1.tgz. Extracting by manifest.
558 silly tarball no local data for node-opcua-hostname@https://registry.npmjs.org/node-opcua-hostname/-/node-opcua-hostname-2.64.1.tgz. Extracting by manifest.
559 silly tarball no local data for node-opcua-nodeid@https://registry.npmjs.org/node-opcua-nodeid/-/node-opcua-nodeid-2.64.1.tgz. Extracting by manifest.
560 silly tarball no local data for node-opcua-nodesets@https://registry.npmjs.org/node-opcua-nodesets/-/node-opcua-nodesets-2.64.1.tgz. Extracting by manifest.
561 silly tarball no local data for node-opcua-factory@https://registry.npmjs.org/node-opcua-factory/-/node-opcua-factory-2.64.1.tgz. Extracting by manifest.
562 silly tarball no local data for node-opcua-debug@https://registry.npmjs.org/node-opcua-debug/-/node-opcua-debug-2.64.1.tgz. Extracting by manifest.
563 silly tarball no local data for node-opcua-data-value@https://registry.npmjs.org/node-opcua-data-value/-/node-opcua-data-value-2.64.1.tgz. Extracting by manifest.
564 silly tarball no local data for node-opcua-enum@https://registry.npmjs.org/node-opcua-enum/-/node-opcua-enum-2.64.1.tgz. Extracting by manifest.
565 silly tarball no local data for node-opcua-data-access@https://registry.npmjs.org/node-opcua-data-access/-/node-opcua-data-access-2.64.1.tgz. Extracting by manifest.
566 silly tarball no local data for node-opcua-data-model@https://registry.npmjs.org/node-opcua-data-model/-/node-opcua-data-model-2.64.1.tgz. Extracting by manifest.
567 silly tarball no local data for node-opcua-crypto@https://registry.npmjs.org/node-opcua-crypto/-/node-opcua-crypto-1.12.0.tgz. Extracting by manifest.
568 silly tarball no local data for node-opcua-constants@https://registry.npmjs.org/node-opcua-constants/-/node-opcua-constants-2.64.1.tgz. Extracting by manifest.
569 silly tarball no local data for node-opcua-client-proxy@https://registry.npmjs.org/node-opcua-client-proxy/-/node-opcua-client-proxy-2.64.1.tgz. Extracting by manifest.
570 silly tarball no local data for node-opcua-common@https://registry.npmjs.org/node-opcua-common/-/node-opcua-common-2.64.1.tgz. Extracting by manifest.
571 silly tarball no local data for node-opcua-client-crawler@https://registry.npmjs.org/node-opcua-client-crawler/-/node-opcua-client-crawler-2.64.1.tgz. Extracting by manifest.
572 silly tarball no local data for node-opcua-certificate-manager@https://registry.npmjs.org/node-opcua-certificate-manager/-/node-opcua-certificate-manager-2.64.1.tgz. Extracting by manifest.
573 silly tarball no local data for node-opcua-binary-stream@https://registry.npmjs.org/node-opcua-binary-stream/-/node-opcua-binary-stream-2.64.1.tgz. Extracting by manifest.
574 silly tarball no local data for node-opcua-assert@https://registry.npmjs.org/node-opcua-assert/-/node-opcua-assert-2.64.1.tgz. Extracting by manifest.
575 silly tarball no local data for node-opcua-client@https://registry.npmjs.org/node-opcua-client/-/node-opcua-client-2.64.1.tgz. Extracting by manifest.
576 silly tarball no local data for node-opcua-basic-types@https://registry.npmjs.org/node-opcua-basic-types/-/node-opcua-basic-types-2.64.1.tgz. Extracting by manifest.
577 silly tarball no local data for node-opcua-aggregates@https://registry.npmjs.org/node-opcua-aggregates/-/node-opcua-aggregates-2.64.1.tgz. Extracting by manifest.
578 silly tarball no local data for node-opcua-address-space-for-conformance-testing@https://registry.npmjs.org/node-opcua-address-space-for-conformance-testing/-/node-opcua-address-space-for-conformance-testing-2.64.1.tgz. Extracting by manifest.
579 silly tarball no local data for node-opcua@https://registry.npmjs.org/node-opcua/-/node-opcua-2.64.1.tgz. Extracting by manifest.
580 silly tarball no local data for node-opcua-address-space@https://registry.npmjs.org/node-opcua-address-space/-/node-opcua-address-space-2.64.1.tgz. Extracting by manifest.
581 http fetch GET 200 https://registry.npmjs.org/bomstrip/-/bomstrip-0.1.4.tgz 1700ms (cache miss)
582 timing reifyNode:node_modules/bomstrip Completed in 1987ms
583 http fetch GET 200 https://registry.npmjs.org/ip/-/ip-1.1.9.tgz 1701ms (cache miss)
584 timing reifyNode:node_modules/ip Completed in 1992ms
585 http fetch GET 200 https://registry.npmjs.org/fd-slicer/-/fd-slicer-1.1.0.tgz 1715ms (cache miss)
586 timing reifyNode:node_modules/fd-slicer Completed in 1995ms
587 http fetch GET 200 https://registry.npmjs.org/concat-map/-/concat-map-0.0.1.tgz 1726ms (cache miss)
588 timing reifyNode:node_modules/concat-map Completed in 2009ms
589 http fetch GET 200 https://registry.npmjs.org/path-is-absolute/-/path-is-absolute-1.0.1.tgz 1726ms (cache miss)
590 timing reifyNode:node_modules/path-is-absolute Completed in 2021ms
591 http fetch GET 200 https://registry.npmjs.org/inflight/-/inflight-1.0.6.tgz 1764ms (cache miss)
592 timing reifyNode:node_modules/inflight Completed in 2040ms
593 http fetch GET 200 https://registry.npmjs.org/set-function-name/-/set-function-name-2.0.2.tgz 2341ms (cache miss)
594 timing reifyNode:node_modules/set-function-name Completed in 2634ms
595 http fetch GET 200 https://registry.npmjs.org/functions-have-names/-/functions-have-names-1.2.3.tgz 2339ms (cache miss)
596 timing reifyNode:node_modules/functions-have-names Completed in 2637ms
597 http fetch GET 200 https://registry.npmjs.org/multicast-dns-service-types/-/multicast-dns-service-types-1.1.0.tgz 2612ms (cache miss)
598 timing reifyNode:node_modules/multicast-dns-service-types Completed in 2940ms
599 http fetch GET 200 https://registry.npmjs.org/dns-txt/-/dns-txt-2.0.2.tgz 3072ms (cache miss)
600 timing reifyNode:node_modules/dns-txt Completed in 3397ms
601 http fetch GET 200 https://registry.npmjs.org/buffer-indexof/-/buffer-indexof-1.1.1.tgz 4049ms (cache miss)
602 timing reifyNode:node_modules/buffer-indexof Completed in 4360ms
603 http fetch GET 200 https://registry.npmjs.org/once/-/once-1.4.0.tgz 4657ms (cache miss)
604 timing reifyNode:node_modules/once Completed in 4993ms
605 http fetch GET 200 https://registry.npmjs.org/wrappy/-/wrappy-1.0.2.tgz 4666ms (cache miss)
606 timing reifyNode:node_modules/wrappy Completed in 5005ms
607 http fetch GET 200 https://registry.npmjs.org/better-assert/-/better-assert-1.0.2.tgz 4662ms (cache miss)
608 timing reifyNode:node_modules/better-assert Completed in 5016ms
609 http fetch GET 200 https://registry.npmjs.org/callsite/-/callsite-1.0.0.tgz 4689ms (cache miss)
610 timing reifyNode:node_modules/callsite Completed in 5032ms
611 http fetch GET 200 https://registry.npmjs.org/node-opcua-service-write/-/node-opcua-service-write-2.64.1.tgz 4603ms (cache miss)
612 timing reifyNode:node_modules/node-red-contrib-opcua-server/node_modules/node-opcua-service-write Completed in 5065ms
613 http fetch GET 200 https://registry.npmjs.org/node-opcua-service-query/-/node-opcua-service-query-2.64.1.tgz 4638ms (cache miss)
614 timing reifyNode:node_modules/node-red-contrib-opcua-server/node_modules/node-opcua-service-query Completed in 5095ms
615 http fetch GET 200 https://registry.npmjs.org/is-date-object/-/is-date-object-1.0.5.tgz 4840ms (cache miss)
616 timing reifyNode:node_modules/is-date-object Completed in 5154ms
617 http fetch GET 200 https://registry.npmjs.org/callbackify/-/callbackify-1.1.0.tgz 4837ms (cache miss)
618 timing reifyNode:node_modules/callbackify Completed in 5170ms
619 http fetch GET 200 https://registry.npmjs.org/node-opcua-guid/-/node-opcua-guid-2.64.1.tgz 4822ms (cache miss)
620 timing reifyNode:node_modules/node-red-contrib-opcua-server/node_modules/node-opcua-guid Completed in 5218ms
621 http fetch GET 200 https://registry.npmjs.org/node-opcua-service-read/-/node-opcua-service-read-2.64.1.tgz 4765ms (cache miss)
622 timing reifyNode:node_modules/node-red-contrib-opcua-server/node_modules/node-opcua-service-read Completed in 5247ms
623 http fetch GET 200 https://registry.npmjs.org/@types/once/-/once-1.4.4.tgz 4903ms (cache miss)
624 timing reifyNode:node_modules/@types/once Completed in 5255ms
625 http fetch GET 200 https://registry.npmjs.org/delayed/-/delayed-2.0.0.tgz 5010ms (cache miss)
626 timing reifyNode:node_modules/delayed Completed in 5352ms
627 http fetch GET 200 https://registry.npmjs.org/node-opcua-service-call/-/node-opcua-service-call-2.64.1.tgz 4875ms (cache miss)
628 http fetch GET 200 https://registry.npmjs.org/node-opcua-buffer-utils/-/node-opcua-buffer-utils-2.64.1.tgz 5028ms (cache miss)
629 http fetch GET 200 https://registry.npmjs.org/@types/bonjour/-/bonjour-3.5.13.tgz 5104ms (cache miss)
630 timing reifyNode:node_modules/@types/bonjour Completed in 5433ms
631 http fetch GET 200 https://registry.npmjs.org/node-opcua-object-registry/-/node-opcua-object-registry-2.64.1.tgz 5012ms (cache miss)
632 http fetch GET 200 https://registry.npmjs.org/node-opcua-service-history/-/node-opcua-service-history-2.64.1.tgz 4956ms (cache miss)
633 timing reifyNode:node_modules/node-red-contrib-opcua-server/node_modules/node-opcua-service-history Completed in 5442ms
634 http fetch GET 200 https://registry.npmjs.org/node-opcua-service-session/-/node-opcua-service-session-2.64.1.tgz 5005ms (cache miss)
635 timing reifyNode:node_modules/node-red-contrib-opcua-server/node_modules/node-opcua-service-session Completed in 5459ms
636 http fetch GET 200 https://registry.npmjs.org/node-opcua-vendor-diagnostic/-/node-opcua-vendor-diagnostic-2.64.1.tgz 5079ms (cache miss)
637 timing reifyNode:node_modules/node-red-contrib-opcua-server/node_modules/node-opcua-service-call Completed in 5525ms
638 timing reifyNode:node_modules/node-red-contrib-opcua-server/node_modules/node-opcua-buffer-utils Completed in 5540ms
639 http fetch GET 200 https://registry.npmjs.org/node-opcua-service-endpoints/-/node-opcua-service-endpoints-2.64.1.tgz 5038ms (cache miss)
640 timing reifyNode:node_modules/node-red-contrib-opcua-server/node_modules/node-opcua-service-endpoints Completed in 5540ms
641 http fetch GET 200 https://registry.npmjs.org/node-opcua-packet-assembler/-/node-opcua-packet-assembler-2.64.1.tgz 5173ms (cache miss)
642 timing reifyNode:node_modules/node-red-contrib-opcua-server/node_modules/node-opcua-packet-assembler Completed in 5553ms
643 timing reifyNode:node_modules/node-red-contrib-opcua-server/node_modules/node-opcua-object-registry Completed in 5558ms
644 http fetch GET 200 https://registry.npmjs.org/node-opcua-service-node-management/-/node-opcua-service-node-management-2.64.1.tgz 5134ms (cache miss)
645 timing reifyNode:node_modules/node-red-contrib-opcua-server/node_modules/node-opcua-service-node-management Completed in 5589ms
646 http fetch GET 200 https://registry.npmjs.org/brace-expansion/-/brace-expansion-1.1.11.tgz 5253ms (cache miss)
647 timing reifyNode:node_modules/node-red-contrib-opcua-server/node_modules/brace-expansion Completed in 5610ms
648 http fetch GET 200 https://registry.npmjs.org/cliui/-/cliui-7.0.4.tgz 5293ms (cache miss)
649 http fetch GET 200 https://registry.npmjs.org/rimraf/-/rimraf-3.0.2.tgz 5276ms (cache miss)
650 timing reifyNode:node_modules/node-red-contrib-opcua-server/node_modules/rimraf Completed in 5656ms
651 http fetch GET 200 https://registry.npmjs.org/node-opcua-service-browse/-/node-opcua-service-browse-2.64.1.tgz 5210ms (cache miss)
652 timing reifyNode:node_modules/node-red-contrib-opcua-server/node_modules/node-opcua-service-browse Completed in 5700ms
653 http fetch GET 200 https://registry.npmjs.org/node-opcua-extension-object/-/node-opcua-extension-object-2.64.1.tgz 5374ms (cache miss)
654 timing reifyNode:node_modules/node-red-contrib-opcua-server/node_modules/node-opcua-extension-object Completed in 5768ms
655 timing reifyNode:node_modules/node-red-contrib-opcua-server/node_modules/node-opcua-vendor-diagnostic Completed in 5769ms
656 http fetch GET 200 https://registry.npmjs.org/node-opcua-service-register-node/-/node-opcua-service-register-node-2.64.1.tgz 5331ms (cache miss)
657 timing reifyNode:node_modules/node-red-contrib-opcua-server/node_modules/node-opcua-service-register-node Completed in 5783ms
658 http fetch GET 200 https://registry.npmjs.org/node-opcua-service-discovery/-/node-opcua-service-discovery-2.64.1.tgz 5291ms (cache miss)
659 http fetch GET 200 https://registry.npmjs.org/dns-packet/-/dns-packet-1.3.4.tgz 5427ms (cache miss)
660 timing reifyNode:node_modules/bonjour/node_modules/dns-packet Completed in 5818ms
661 http fetch GET 200 https://registry.npmjs.org/node-opcua-service-subscription/-/node-opcua-service-subscription-2.64.1.tgz 5402ms (cache miss)
662 timing reifyNode:node_modules/node-red-contrib-opcua-server/node_modules/node-opcua-service-subscription Completed in 5862ms
663 timing reifyNode:node_modules/node-red-contrib-opcua-server/node_modules/cliui Completed in 5889ms
664 http fetch GET 200 https://registry.npmjs.org/@ster5/global-mutex/-/global-mutex-1.3.0.tgz 5496ms (cache miss)
665 timing reifyNode:node_modules/node-red-contrib-opcua-server/node_modules/@ster5/global-mutex Completed in 5898ms
666 http fetch GET 200 https://registry.npmjs.org/node-opcua-hostname/-/node-opcua-hostname-2.64.1.tgz 5359ms (cache miss)
667 timing reifyNode:node_modules/node-red-contrib-opcua-server/node_modules/node-opcua-hostname Completed in 5899ms
668 http fetch GET 200 https://registry.npmjs.org/node-opcua-assert/-/node-opcua-assert-2.64.1.tgz 5334ms (cache miss)
669 timing reifyNode:node_modules/node-red-contrib-opcua-server/node_modules/node-opcua-assert Completed in 5903ms
670 http fetch GET 200 https://registry.npmjs.org/node-opcua-enum/-/node-opcua-enum-2.64.1.tgz 5401ms (cache miss)
671 http fetch GET 200 https://registry.npmjs.org/node-opcua-date-time/-/node-opcua-date-time-2.64.1.tgz 5533ms (cache miss)
672 http fetch GET 200 https://registry.npmjs.org/node-opcua-service-filter/-/node-opcua-service-filter-2.64.1.tgz 5492ms (cache miss)
673 http fetch GET 200 https://registry.npmjs.org/@types/mkdirp/-/mkdirp-1.0.1.tgz 5577ms (cache miss)
674 timing reifyNode:node_modules/node-red-contrib-opcua-server/node_modules/@types/mkdirp Completed in 5996ms
675 http fetch GET 200 https://registry.npmjs.org/minimatch/-/minimatch-3.1.2.tgz 5678ms (cache miss)
676 timing reifyNode:node_modules/node-red-contrib-opcua-server/node_modules/minimatch Completed in 6041ms
677 timing reifyNode:node_modules/node-red-contrib-opcua-server/node_modules/node-opcua-service-discovery Completed in 6073ms
678 http fetch GET 200 https://registry.npmjs.org/multicast-dns/-/multicast-dns-6.2.3.tgz 5726ms (cache miss)
679 timing reifyNode:node_modules/bonjour/node_modules/multicast-dns Completed in 6094ms
680 timing reifyNode:node_modules/node-red-contrib-opcua-server/node_modules/node-opcua-enum Completed in 6106ms
681 timing reifyNode:node_modules/node-red-contrib-opcua-server/node_modules/node-opcua-service-filter Completed in 6130ms
682 http fetch GET 200 https://registry.npmjs.org/node-opcua-certificate-manager/-/node-opcua-certificate-manager-2.64.1.tgz 5673ms (cache miss)
683 timing reifyNode:node_modules/node-red-contrib-opcua-server/node_modules/node-opcua-date-time Completed in 6264ms
684 http fetch GET 200 https://registry.npmjs.org/node-opcua/-/node-opcua-2.64.1.tgz 5691ms (cache miss)
685 timing reifyNode:node_modules/node-red-contrib-opcua-server/node_modules/node-opcua Completed in 6288ms
686 http fetch GET 200 https://registry.npmjs.org/regexp.prototype.flags/-/regexp.prototype.flags-1.5.2.tgz 6066ms (cache miss)
687 timing reifyNode:node_modules/regexp.prototype.flags Completed in 6375ms
688 http fetch GET 200 https://registry.npmjs.org/node-opcua-service-secure-channel/-/node-opcua-service-secure-channel-2.64.1.tgz 5998ms (cache miss)
689 http fetch GET 200 https://registry.npmjs.org/node-opcua-common/-/node-opcua-common-2.64.1.tgz 5935ms (cache miss)
690 timing reifyNode:node_modules/node-red-contrib-opcua-server/node_modules/node-opcua-common Completed in 6577ms
691 timing reifyNode:node_modules/node-red-contrib-opcua-server/node_modules/node-opcua-certificate-manager Completed in 6621ms
692 timing reifyNode:node_modules/node-red-contrib-opcua-server/node_modules/node-opcua-service-secure-channel Completed in 6831ms
693 http fetch GET 200 https://registry.npmjs.org/node-opcua-service-translate-browse-path/-/node-opcua-service-translate-browse-path-2.64.1.tgz 6470ms (cache miss)
694 http fetch GET 200 https://registry.npmjs.org/yauzl/-/yauzl-2.10.0.tgz 6543ms (cache miss)
695 timing reifyNode:node_modules/node-red-contrib-opcua-server/node_modules/yauzl Completed in 6920ms
696 http fetch GET 200 https://registry.npmjs.org/is-regex/-/is-regex-1.1.4.tgz 6680ms (cache miss)
697 timing reifyNode:node_modules/is-regex Completed in 7002ms
698 http fetch GET 200 https://registry.npmjs.org/node-opcua-binary-stream/-/node-opcua-binary-stream-2.64.1.tgz 6487ms (cache miss)
699 timing reifyNode:node_modules/node-red-contrib-opcua-server/node_modules/node-opcua-binary-stream Completed in 7055ms
700 http fetch GET 200 https://registry.npmjs.org/bonjour/-/bonjour-3.5.0.tgz 6750ms (cache miss)
701 timing reifyNode:node_modules/bonjour Completed in 7082ms
702 timing reifyNode:node_modules/node-red-contrib-opcua-server/node_modules/node-opcua-service-translate-browse-path Completed in 7242ms
703 http fetch GET 200 https://registry.npmjs.org/glob/-/glob-7.2.3.tgz 6917ms (cache miss)
704 timing reifyNode:node_modules/node-red-contrib-opcua-server/node_modules/glob Completed in 7266ms
705 http fetch GET 200 https://registry.npmjs.org/node-opcua-data-access/-/node-opcua-data-access-2.64.1.tgz 6755ms (cache miss)
706 http fetch GET 200 https://registry.npmjs.org/node-opcua-chunkmanager/-/node-opcua-chunkmanager-2.64.1.tgz 6978ms (cache miss)
707 timing reifyNode:node_modules/node-red-contrib-opcua-server/node_modules/node-opcua-chunkmanager Completed in 7346ms
708 http fetch GET 200 https://registry.npmjs.org/@types/underscore/-/underscore-1.11.4.tgz 7007ms (cache miss)
709 timing reifyNode:node_modules/node-red-contrib-opcua-server/node_modules/@types/underscore Completed in 7391ms
710 timing reifyNode:node_modules/node-red-contrib-opcua-server/node_modules/node-opcua-data-access Completed in 7666ms
711 http fetch GET 200 https://registry.npmjs.org/node-opcua-nodeid/-/node-opcua-nodeid-2.64.1.tgz 7194ms (cache miss)
712 timing reifyNode:node_modules/node-red-contrib-opcua-server/node_modules/node-opcua-nodeid Completed in 7736ms
713 http fetch GET 200 https://registry.npmjs.org/node-opcua-data-value/-/node-opcua-data-value-2.64.1.tgz 7231ms (cache miss)
714 timing reifyNode:node_modules/node-red-contrib-opcua-server/node_modules/node-opcua-data-value Completed in 7781ms
715 http fetch GET 200 https://registry.npmjs.org/node-opcua-numeric-range/-/node-opcua-numeric-range-2.64.1.tgz 7607ms (cache miss)
716 timing reifyNode:node_modules/node-red-contrib-opcua-server/node_modules/node-opcua-numeric-range Completed in 8144ms
717 http fetch GET 200 https://registry.npmjs.org/hexy/-/hexy-0.3.4.tgz 7926ms (cache miss)
718 timing reifyNode:node_modules/node-red-contrib-opcua-server/node_modules/hexy Completed in 8313ms
719 http fetch GET 200 https://registry.npmjs.org/node-opcua-pseudo-session/-/node-opcua-pseudo-session-2.64.1.tgz 8036ms (cache miss)
720 http fetch GET 200 https://registry.npmjs.org/node-opcua-server-discovery/-/node-opcua-server-discovery-2.64.1.tgz 7963ms (cache miss)
721 timing reifyNode:node_modules/node-red-contrib-opcua-server/node_modules/node-opcua-server-discovery Completed in 8490ms
722 timing reifyNode:node_modules/node-red-contrib-opcua-server/node_modules/node-opcua-pseudo-session Completed in 8507ms
723 http fetch GET 200 https://registry.npmjs.org/minimist/-/minimist-1.2.8.tgz 8176ms (cache miss)
724 timing reifyNode:node_modules/node-red-contrib-opcua-server/node_modules/minimist Completed in 8559ms
725 http fetch GET 200 https://registry.npmjs.org/deep-equal/-/deep-equal-1.1.2.tgz 8228ms (cache miss)
726 timing reifyNode:node_modules/deep-equal Completed in 8563ms
727 http fetch GET 200 https://registry.npmjs.org/node-opcua-schemas/-/node-opcua-schemas-2.64.1.tgz 8742ms (cache miss)
728 timing reifyNode:node_modules/node-red-contrib-opcua-server/node_modules/node-opcua-schemas Completed in 9156ms
729 http fetch GET 200 https://registry.npmjs.org/node-opcua-packet-analyzer/-/node-opcua-packet-analyzer-2.64.1.tgz 8714ms (cache miss)
730 timing reifyNode:node_modules/node-red-contrib-opcua-server/node_modules/node-opcua-packet-analyzer Completed in 9249ms
731 http fetch GET 200 https://registry.npmjs.org/node-opcua-variant/-/node-opcua-variant-2.64.1.tgz 9146ms (cache miss)
732 timing reifyNode:node_modules/node-red-contrib-opcua-server/node_modules/node-opcua-variant Completed in 9579ms
733 http fetch GET 200 https://registry.npmjs.org/node-opcua-client-crawler/-/node-opcua-client-crawler-2.64.1.tgz 9138ms (cache miss)
734 timing reifyNode:node_modules/node-red-contrib-opcua-server/node_modules/node-opcua-client-crawler Completed in 9703ms
735 http fetch GET 200 https://registry.npmjs.org/node-opcua-generator/-/node-opcua-generator-2.64.1.tgz 9395ms (cache miss)
736 timing reifyNode:node_modules/node-red-contrib-opcua-server/node_modules/node-opcua-generator Completed in 9964ms
737 http fetch GET 200 https://registry.npmjs.org/node-opcua-client-proxy/-/node-opcua-client-proxy-2.64.1.tgz 9824ms (cache miss)
738 http fetch GET 200 https://registry.npmjs.org/node-opcua-xml2json/-/node-opcua-xml2json-2.64.1.tgz 10176ms (cache miss)
739 timing reifyNode:node_modules/node-red-contrib-opcua-server/node_modules/node-opcua-xml2json Completed in 10580ms
740 timing reifyNode:node_modules/node-red-contrib-opcua-server/node_modules/node-opcua-client-proxy Completed in 10634ms
741 http fetch GET 200 https://registry.npmjs.org/node-opcua-debug/-/node-opcua-debug-2.64.1.tgz 10163ms (cache miss)
742 timing reifyNode:node_modules/node-red-contrib-opcua-server/node_modules/node-opcua-debug Completed in 10715ms
743 http fetch GET 200 https://registry.npmjs.org/node-opcua-status-code/-/node-opcua-status-code-2.64.1.tgz 10440ms (cache miss)
744 timing reifyNode:node_modules/node-red-contrib-opcua-server/node_modules/node-opcua-status-code Completed in 10892ms
745 http fetch GET 200 https://registry.npmjs.org/node-opcua-aggregates/-/node-opcua-aggregates-2.64.1.tgz 10394ms (cache miss)
746 timing reifyNode:node_modules/node-red-contrib-opcua-server/node_modules/node-opcua-aggregates Completed in 10972ms
747 http fetch GET 200 https://registry.npmjs.org/node-opcua-utils/-/node-opcua-utils-2.64.1.tgz 11020ms (cache miss)
748 timing reifyNode:node_modules/node-red-contrib-opcua-server/node_modules/node-opcua-utils Completed in 11451ms
749 http fetch GET 200 https://registry.npmjs.org/node-opcua-factory/-/node-opcua-factory-2.64.1.tgz 11179ms (cache miss)
750 timing reifyNode:node_modules/node-red-contrib-opcua-server/node_modules/node-opcua-factory Completed in 11725ms
751 http fetch GET 200 https://registry.npmjs.org/node-opcua-data-model/-/node-opcua-data-model-2.64.1.tgz 11264ms (cache miss)
752 timing reifyNode:node_modules/node-red-contrib-opcua-server/node_modules/node-opcua-data-model Completed in 11820ms
753 http fetch GET 200 https://registry.npmjs.org/node-opcua-client-dynamic-extension-object/-/node-opcua-client-dynamic-extension-object-2.64.1.tgz 11418ms (cache miss)
754 timing reifyNode:node_modules/node-red-contrib-opcua-server/node_modules/node-opcua-client-dynamic-extension-object Completed in 11845ms
755 http fetch GET 200 https://registry.npmjs.org/node-opcua-basic-types/-/node-opcua-basic-types-2.64.1.tgz 11440ms (cache miss)
756 timing reifyNode:node_modules/node-red-contrib-opcua-server/node_modules/node-opcua-basic-types Completed in 12125ms
757 http fetch GET 200 https://registry.npmjs.org/jsrsasign/-/jsrsasign-10.9.0.tgz 12240ms (cache miss)
758 timing reifyNode:node_modules/node-red-contrib-opcua-server/node_modules/jsrsasign Completed in 12673ms
759 http fetch GET 200 https://registry.npmjs.org/node-opcua-address-space-for-conformance-testing/-/node-opcua-address-space-for-conformance-testing-2.64.1.tgz 12096ms (cache miss)
760 timing reifyNode:node_modules/node-red-contrib-opcua-server/node_modules/node-opcua-address-space-for-conformance-testing Completed in 12675ms
761 http fetch GET 200 https://registry.npmjs.org/yargs/-/yargs-17.5.1.tgz 12343ms (cache miss)
762 timing reifyNode:node_modules/node-red-contrib-opcua-server/node_modules/yargs Completed in 12841ms
763 http fetch GET 200 https://registry.npmjs.org/node-opcua-address-space-base/-/node-opcua-address-space-base-2.64.1.tgz 12570ms (cache miss)
764 timing reifyNode:node_modules/node-red-contrib-opcua-server/node_modules/node-opcua-address-space-base Completed in 12998ms
765 http fetch GET 200 https://registry.npmjs.org/node-opcua-transport/-/node-opcua-transport-2.64.1.tgz 12843ms (cache miss)
766 timing reifyNode:node_modules/node-red-contrib-opcua-server/node_modules/node-opcua-transport Completed in 13281ms
767 http fetch GET 200 https://registry.npmjs.org/node-opcua-crypto/-/node-opcua-crypto-1.12.0.tgz 13191ms (cache miss)
768 timing reifyNode:node_modules/node-red-contrib-opcua-server/node_modules/node-opcua-crypto Completed in 13835ms
769 http fetch GET 200 https://registry.npmjs.org/node-opcua-pki/-/node-opcua-pki-2.19.1.tgz 13841ms (cache miss)
770 timing reifyNode:node_modules/node-red-contrib-opcua-server/node_modules/node-opcua-pki Completed in 14241ms
771 http fetch GET 200 https://registry.npmjs.org/node-opcua-secure-channel/-/node-opcua-secure-channel-2.64.1.tgz 14152ms (cache miss)
772 timing reifyNode:node_modules/node-red-contrib-opcua-server/node_modules/node-opcua-secure-channel Completed in 14684ms
773 http fetch GET 200 https://registry.npmjs.org/node-opcua-types/-/node-opcua-types-2.64.1.tgz 15104ms (cache miss)
774 timing reifyNode:node_modules/node-red-contrib-opcua-server/node_modules/node-opcua-types Completed in 15539ms
775 http fetch GET 200 https://registry.npmjs.org/node-opcua-server/-/node-opcua-server-2.64.1.tgz 15768ms (cache miss)
776 timing reifyNode:node_modules/node-red-contrib-opcua-server/node_modules/node-opcua-server Completed in 16365ms
777 http fetch GET 200 https://registry.npmjs.org/node-opcua-client/-/node-opcua-client-2.64.1.tgz 16108ms (cache miss)
778 timing reifyNode:node_modules/node-red-contrib-opcua-server/node_modules/node-opcua-client Completed in 16725ms
779 http fetch GET 200 https://registry.npmjs.org/node-opcua-constants/-/node-opcua-constants-2.64.1.tgz 16927ms (cache miss)
780 timing reifyNode:node_modules/node-red-contrib-opcua-server/node_modules/node-opcua-constants Completed in 17643ms
781 http fetch GET 200 https://registry.npmjs.org/node-opcua-nodesets/-/node-opcua-nodesets-2.64.1.tgz 21023ms (cache miss)
782 timing reifyNode:node_modules/node-red-contrib-opcua-server/node_modules/node-opcua-nodesets Completed in 21598ms
783 http fetch GET 200 https://registry.npmjs.org/@types/lodash/-/lodash-4.14.179.tgz 22081ms (cache miss)
784 timing reifyNode:node_modules/node-red-contrib-opcua-server/node_modules/@types/lodash Completed in 22565ms
785 http fetch GET 200 https://registry.npmjs.org/node-red-contrib-opcua-server/-/node-red-contrib-opcua-server-1.1.1.tgz 24657ms (cache miss)
786 timing reifyNode:node_modules/node-red-contrib-opcua-server Completed in 25022ms
787 http fetch GET 200 https://registry.npmjs.org/node-opcua-address-space/-/node-opcua-address-space-2.64.1.tgz 25509ms (cache miss)
788 timing reifyNode:node_modules/node-red-contrib-opcua-server/node_modules/node-opcua-address-space Completed in 26159ms
789 http fetch GET 200 https://registry.npmjs.org/node-opcua-nodeset-ua/-/node-opcua-nodeset-ua-2.64.1.tgz 28863ms (cache miss)
790 timing reifyNode:node_modules/node-red-contrib-opcua-server/node_modules/node-opcua-nodeset-ua Completed in 29313ms
791 timing reify:unpack Completed in 29320ms
792 timing reify:unretire Completed in 0ms
793 timing build:queue Completed in 67ms
794 timing build:link:node_modules/node-red-contrib-opcua-server/node_modules/rimraf Completed in 29ms
795 timing build:link:node_modules/node-red-contrib-opcua-server/node_modules/hexy Completed in 30ms
796 timing build:link:node_modules/bonjour/node_modules/multicast-dns Completed in 39ms
797 timing build:link:node_modules/node-red-contrib-opcua-server/node_modules/node-opcua-pki Completed in 37ms
798 timing build:link Completed in 41ms
799 info run node-red-contrib-opcua-server@1.1.1 postinstall node_modules/node-red-contrib-opcua-server node ./create_certificates.js demo --dev -s -r ./certificates && node ./supporter.js
800 info run node-red-contrib-opcua-server@1.1.1 postinstall { code: 0, signal: null }
801 timing build:run:postinstall:node_modules/node-red-contrib-opcua-server Completed in 24200ms
802 timing build:run:postinstall Completed in 24202ms
803 timing build:deps Completed in 24311ms
804 timing build Completed in 24313ms
805 timing reify:build Completed in 24315ms
806 timing reify:trash Completed in 5ms
807 timing reify:save Completed in 645ms
808 timing reify Completed in 62023ms
809 silly ADD node_modules/fd-slicer
810 silly ADD node_modules/concat-map
811 silly ADD node_modules/path-is-absolute
812 silly ADD node_modules/inflight
813 silly ADD node_modules/bomstrip
814 silly ADD node_modules/@types/bonjour
815 silly ADD node_modules/ip
816 silly ADD node_modules/functions-have-names
817 silly ADD node_modules/set-function-name
818 silly ADD node_modules/buffer-indexof
819 silly ADD node_modules/regexp.prototype.flags
820 silly ADD node_modules/is-regex
821 silly ADD node_modules/is-date-object
822 silly ADD node_modules/multicast-dns-service-types
823 silly ADD node_modules/dns-txt
824 silly ADD node_modules/deep-equal
825 silly ADD node_modules/bonjour
826 silly ADD node_modules/bonjour/node_modules/dns-packet
827 silly ADD node_modules/bonjour/node_modules/multicast-dns
828 silly ADD node_modules/callbackify
829 silly ADD node_modules/@types/once
830 silly ADD node_modules/wrappy
831 silly ADD node_modules/once
832 silly ADD node_modules/delayed
833 silly ADD node_modules/callsite
834 silly ADD node_modules/better-assert
835 silly ADD node_modules/node-red-contrib-opcua-server
836 silly ADD node_modules/node-red-contrib-opcua-server/node_modules/cliui
837 silly ADD node_modules/node-red-contrib-opcua-server/node_modules/brace-expansion
838 silly ADD node_modules/node-red-contrib-opcua-server/node_modules/minimatch
839 silly ADD node_modules/node-red-contrib-opcua-server/node_modules/glob
840 silly ADD node_modules/node-red-contrib-opcua-server/node_modules/node-opcua-generator
841 silly ADD node_modules/node-red-contrib-opcua-server/node_modules/node-opcua-packet-assembler
842 silly ADD node_modules/node-red-contrib-opcua-server/node_modules/node-opcua-chunkmanager
843 silly ADD node_modules/node-red-contrib-opcua-server/node_modules/@types/underscore
844 silly ADD node_modules/node-red-contrib-opcua-server/node_modules/yauzl
845 silly ADD node_modules/node-red-contrib-opcua-server/node_modules/yargs
846 silly ADD node_modules/node-red-contrib-opcua-server/node_modules/rimraf
847 silly ADD node_modules/node-red-contrib-opcua-server/node_modules/minimist
848 silly ADD node_modules/node-red-contrib-opcua-server/node_modules/jsrsasign
849 silly ADD node_modules/node-red-contrib-opcua-server/node_modules/hexy
850 silly ADD node_modules/node-red-contrib-opcua-server/node_modules/node-opcua-extension-object
851 silly ADD node_modules/node-red-contrib-opcua-server/node_modules/@ster5/global-mutex
852 silly ADD node_modules/node-red-contrib-opcua-server/node_modules/node-opcua-pki
853 silly ADD node_modules/node-red-contrib-opcua-server/node_modules/@types/mkdirp
854 silly ADD node_modules/node-red-contrib-opcua-server/node_modules/node-opcua-guid
855 silly ADD node_modules/node-red-contrib-opcua-server/node_modules/node-opcua-buffer-utils
856 silly ADD node_modules/node-red-contrib-opcua-server/node_modules/node-opcua-xml2json
857 silly ADD node_modules/node-red-contrib-opcua-server/node_modules/node-opcua-schemas
858 silly ADD node_modules/node-red-contrib-opcua-server/node_modules/node-opcua-pseudo-session
859 silly ADD node_modules/node-red-contrib-opcua-server/node_modules/node-opcua-object-registry
860 silly ADD node_modules/node-red-contrib-opcua-server/node_modules/node-opcua-nodeset-ua
861 silly ADD node_modules/node-red-contrib-opcua-server/node_modules/node-opcua-date-time
862 silly ADD node_modules/node-red-contrib-opcua-server/node_modules/node-opcua-client-dynamic-extension-object
863 silly ADD node_modules/node-red-contrib-opcua-server/node_modules/node-opcua-address-space-base
864 silly ADD node_modules/node-red-contrib-opcua-server/node_modules/@types/lodash
865 silly ADD node_modules/node-red-contrib-opcua-server/node_modules/node-opcua-vendor-diagnostic
866 silly ADD node_modules/node-red-contrib-opcua-server/node_modules/node-opcua-variant
867 silly ADD node_modules/node-red-contrib-opcua-server/node_modules/node-opcua-utils
868 silly ADD node_modules/node-red-contrib-opcua-server/node_modules/node-opcua-types
869 silly ADD node_modules/node-red-contrib-opcua-server/node_modules/node-opcua-transport
870 silly ADD node_modules/node-red-contrib-opcua-server/node_modules/node-opcua-status-code
871 silly ADD node_modules/node-red-contrib-opcua-server/node_modules/node-opcua-service-write
872 silly ADD node_modules/node-red-contrib-opcua-server/node_modules/node-opcua-service-translate-browse-path
873 silly ADD node_modules/node-red-contrib-opcua-server/node_modules/node-opcua-service-subscription
874 silly ADD node_modules/node-red-contrib-opcua-server/node_modules/node-opcua-service-session
875 silly ADD node_modules/node-red-contrib-opcua-server/node_modules/node-opcua-service-secure-channel
876 silly ADD node_modules/node-red-contrib-opcua-server/node_modules/node-opcua-service-register-node
877 silly ADD node_modules/node-red-contrib-opcua-server/node_modules/node-opcua-service-read
878 silly ADD node_modules/node-red-contrib-opcua-server/node_modules/node-opcua-service-query
879 silly ADD node_modules/node-red-contrib-opcua-server/node_modules/node-opcua-service-node-management
880 silly ADD node_modules/node-red-contrib-opcua-server/node_modules/node-opcua-service-history
881 silly ADD node_modules/node-red-contrib-opcua-server/node_modules/node-opcua-service-filter
882 silly ADD node_modules/node-red-contrib-opcua-server/node_modules/node-opcua-service-endpoints
883 silly ADD node_modules/node-red-contrib-opcua-server/node_modules/node-opcua-service-discovery
884 silly ADD node_modules/node-red-contrib-opcua-server/node_modules/node-opcua-service-call
885 silly ADD node_modules/node-red-contrib-opcua-server/node_modules/node-opcua-service-browse
886 silly ADD node_modules/node-red-contrib-opcua-server/node_modules/node-opcua-server-discovery
887 silly ADD node_modules/node-red-contrib-opcua-server/node_modules/node-opcua-server
888 silly ADD node_modules/node-red-contrib-opcua-server/node_modules/node-opcua-secure-channel
889 silly ADD node_modules/node-red-contrib-opcua-server/node_modules/node-opcua-packet-analyzer
890 silly ADD node_modules/node-red-contrib-opcua-server/node_modules/node-opcua-numeric-range
891 silly ADD node_modules/node-red-contrib-opcua-server/node_modules/node-opcua-nodesets
892 silly ADD node_modules/node-red-contrib-opcua-server/node_modules/node-opcua-nodeid
893 silly ADD node_modules/node-red-contrib-opcua-server/node_modules/node-opcua-hostname
894 silly ADD node_modules/node-red-contrib-opcua-server/node_modules/node-opcua-factory
895 silly ADD node_modules/node-red-contrib-opcua-server/node_modules/node-opcua-enum
896 silly ADD node_modules/node-red-contrib-opcua-server/node_modules/node-opcua-debug
897 silly ADD node_modules/node-red-contrib-opcua-server/node_modules/node-opcua-data-value
898 silly ADD node_modules/node-red-contrib-opcua-server/node_modules/node-opcua-data-model
899 silly ADD node_modules/node-red-contrib-opcua-server/node_modules/node-opcua-data-access
900 silly ADD node_modules/node-red-contrib-opcua-server/node_modules/node-opcua-crypto
901 silly ADD node_modules/node-red-contrib-opcua-server/node_modules/node-opcua-constants
902 silly ADD node_modules/node-red-contrib-opcua-server/node_modules/node-opcua-common
903 silly ADD node_modules/node-red-contrib-opcua-server/node_modules/node-opcua-client-proxy
904 silly ADD node_modules/node-red-contrib-opcua-server/node_modules/node-opcua-client-crawler
905 silly ADD node_modules/node-red-contrib-opcua-server/node_modules/node-opcua-client
906 silly ADD node_modules/node-red-contrib-opcua-server/node_modules/node-opcua-certificate-manager
907 silly ADD node_modules/node-red-contrib-opcua-server/node_modules/node-opcua-binary-stream
908 silly ADD node_modules/node-red-contrib-opcua-server/node_modules/node-opcua-basic-types
909 silly ADD node_modules/node-red-contrib-opcua-server/node_modules/node-opcua-assert
910 silly ADD node_modules/node-red-contrib-opcua-server/node_modules/node-opcua-aggregates
911 silly ADD node_modules/node-red-contrib-opcua-server/node_modules/node-opcua-address-space-for-conformance-testing
912 silly ADD node_modules/node-red-contrib-opcua-server/node_modules/node-opcua-address-space
913 silly ADD node_modules/node-red-contrib-opcua-server/node_modules/node-opcua
914 silly ADD
915 timing command:install Completed in 62058ms
916 verbose exit 0
917 timing npm Completed in 62481ms
918 info ok
