0 verbose cli /usr/local/bin/node /usr/local/bin/npm
1 info using npm@10.2.3
2 info using node@v18.19.0
3 timing npm:load:whichnode Completed in 2ms
4 timing config:load:defaults Completed in 2ms
5 timing config:load:file:/usr/local/lib/node_modules/npm/npmrc Completed in 1ms
6 timing config:load:builtin Completed in 2ms
7 warn config production Use `--omit=dev` instead.
8 timing config:load:cli Completed in 13ms
9 timing config:load:env Completed in 1ms
10 timing config:load:file:/data/.npmrc Completed in 1ms
11 timing config:load:project Completed in 3ms
12 timing config:load:file:/usr/src/node-red/.npmrc Completed in 0ms
13 timing config:load:user Completed in 1ms
14 timing config:load:file:/usr/local/etc/npmrc Completed in 4ms
15 timing config:load:global Completed in 4ms
16 timing config:load:setEnvs Completed in 1ms
17 timing config:load Completed in 31ms
18 timing npm:load:configload Completed in 32ms
19 timing config:load:flatten Completed in 5ms
20 timing npm:load:mkdirpcache Completed in 2ms
21 timing npm:load:mkdirplogs Completed in 3ms
22 verbose title npm install node-red-node-ui-table@0.4.3
23 verbose argv "install" "--no-audit" "--no-update-notifier" "--no-fund" "--save" "--save-prefix" "~" "--production" "--engine-strict" "node-red-node-ui-table@0.4.3"
24 timing npm:load:setTitle Completed in 2ms
25 timing npm:load:display Completed in 2ms
26 verbose logfile logs-max:10 dir:/data/.npm/_logs/2024-03-20T02_47_55_132Z-
27 verbose logfile /data/.npm/_logs/2024-03-20T02_47_55_132Z-debug-0.log
28 timing npm:load:logFile Completed in 24ms
29 timing npm:load:timers Completed in 0ms
30 timing npm:load:configScope Completed in 1ms
31 timing npm:load Completed in 97ms
32 timing arborist:ctor Completed in 1ms
33 silly logfile done cleaning log files
34 timing idealTree:init Completed in 1035ms
35 timing idealTree:userRequests Completed in 4ms
36 silly idealTree buildDeps
37 silly fetch manifest node-red-node-ui-table@0.4.3
38 timing arborist:ctor Completed in 0ms
39 http fetch GET 200 https://registry.npmjs.org/node-red-node-ui-table 1287ms (cache miss)
40 silly fetch manifest node-red-dashboard@~3.6.5
41 http fetch GET 200 https://registry.npmjs.org/node-red-dashboard 132ms (cache revalidated)
42 silly placeDep ROOT node-red-node-ui-table@0.4.3 OK for: node-red-project@0.0.1 want: 0.4.3
43 timing idealTree:#root Completed in 1451ms
44 timing idealTree:node_modules/node-red-node-ui-table Completed in 0ms
45 timing idealTree:buildDeps Completed in 1455ms
46 timing idealTree:fixDepFlags Completed in 10ms
47 timing idealTree Completed in 2517ms
48 timing reify:loadTrees Completed in 2519ms
49 timing reify:diffTrees Completed in 86ms
50 silly reify moves {}
51 timing reify:retireShallow Completed in 3ms
52 timing reify:createSparse Completed in 5ms
53 timing reify:trashOmits Completed in 2ms
54 timing reify:loadBundles Completed in 0ms
55 verbose reify failed optional dependency /data/node_modules/fsevents
56 silly reify mark deleted [ '/data/node_modules/fsevents' ]
57 timing reifyNode:node_modules/fsevents Completed in 13ms
58 silly tarball no local data for node-red-node-ui-table@https://registry.npmjs.org/node-red-node-ui-table/-/node-red-node-ui-table-0.4.3.tgz. Extracting by manifest.
59 http fetch GET 200 https://registry.npmjs.org/node-red-node-ui-table/-/node-red-node-ui-table-0.4.3.tgz 339ms (cache miss)
60 timing reifyNode:node_modules/node-red-node-ui-table Completed in 372ms
61 timing reify:unpack Completed in 372ms
62 timing reify:unretire Completed in 0ms
63 timing build:queue Completed in 3ms
64 timing build:deps Completed in 4ms
65 timing build Completed in 4ms
66 timing reify:build Completed in 5ms
67 timing reify:trash Completed in 4ms
68 timing reify:save Completed in 538ms
69 timing reify Completed in 3902ms
70 silly ADD node_modules/node-red-node-ui-table
71 silly ADD
72 timing command:install Completed in 3910ms
73 verbose exit 0
74 timing npm Completed in 4433ms
75 info ok
