0 verbose cli /usr/local/bin/node /usr/local/bin/npm
1 info using npm@10.2.3
2 info using node@v18.19.0
3 timing npm:load:whichnode Completed in 2ms
4 timing config:load:defaults Completed in 4ms
5 timing config:load:file:/usr/local/lib/node_modules/npm/npmrc Completed in 2ms
6 timing config:load:builtin Completed in 3ms
7 warn config production Use `--omit=dev` instead.
8 timing config:load:cli Completed in 6ms
9 timing config:load:env Completed in 1ms
10 timing config:load:file:/data/.npmrc Completed in 1ms
11 timing config:load:project Completed in 7ms
12 timing config:load:file:/usr/src/node-red/.npmrc Completed in 0ms
13 timing config:load:user Completed in 0ms
14 timing config:load:file:/usr/local/etc/npmrc Completed in 2ms
15 timing config:load:global Completed in 3ms
16 timing config:load:setEnvs Completed in 1ms
17 timing config:load Completed in 26ms
18 timing npm:load:configload Completed in 26ms
19 timing config:load:flatten Completed in 5ms
20 timing npm:load:mkdirpcache Completed in 3ms
21 timing npm:load:mkdirplogs Completed in 3ms
22 verbose title npm install node-red-node-mysql@2.0.0
23 verbose argv "install" "--no-audit" "--no-update-notifier" "--no-fund" "--save" "--save-prefix" "~" "--production" "--engine-strict" "node-red-node-mysql@2.0.0"
24 timing npm:load:setTitle Completed in 3ms
25 timing npm:load:display Completed in 3ms
26 verbose logfile logs-max:10 dir:/data/.npm/_logs/2024-03-20T02_39_28_609Z-
27 verbose logfile /data/.npm/_logs/2024-03-20T02_39_28_609Z-debug-0.log
28 timing npm:load:logFile Completed in 23ms
29 timing npm:load:timers Completed in 0ms
30 timing npm:load:configScope Completed in 0ms
31 timing npm:load Completed in 96ms
32 timing arborist:ctor Completed in 1ms
33 silly logfile done cleaning log files
34 timing idealTree:init Completed in 759ms
35 timing idealTree:userRequests Completed in 2ms
36 silly idealTree buildDeps
37 silly fetch manifest node-red-node-mysql@2.0.0
38 timing arborist:ctor Completed in 1ms
39 http fetch GET 200 https://registry.npmjs.org/node-red-node-mysql 1159ms (cache miss)
40 silly placeDep ROOT node-red-node-mysql@2.0.0 OK for: node-red-project@0.0.1 want: 2.0.0
41 silly fetch manifest mysql2@^3.6.5
42 http fetch GET 200 https://registry.npmjs.org/mysql2 206ms (cache miss)
43 timing idealTree:#root Completed in 1387ms
44 silly placeDep ROOT mysql2@3.9.2 OK for: node-red-node-mysql@2.0.0 want: ^3.6.5
45 silly fetch manifest denque@^2.1.0
46 silly fetch manifest generate-function@^2.3.1
47 silly fetch manifest iconv-lite@^0.6.3
48 silly fetch manifest long@^5.2.1
49 silly fetch manifest lru-cache@^8.0.0
50 silly fetch manifest named-placeholders@^1.1.3
51 silly fetch manifest seq-queue@^0.0.5
52 silly fetch manifest sqlstring@^2.3.2
53 http fetch GET 200 https://registry.npmjs.org/long 117ms (cache hit)
54 http fetch GET 200 https://registry.npmjs.org/lru-cache 128ms (cache hit)
55 http fetch GET 200 https://registry.npmjs.org/generate-function 197ms (cache miss)
56 http fetch GET 200 https://registry.npmjs.org/sqlstring 208ms (cache miss)
57 http fetch GET 200 https://registry.npmjs.org/denque 222ms (cache miss)
58 http fetch GET 200 https://registry.npmjs.org/iconv-lite 258ms (cache miss)
59 http fetch GET 200 https://registry.npmjs.org/seq-queue 1027ms (cache miss)
60 http fetch GET 200 https://registry.npmjs.org/named-placeholders 1038ms (cache miss)
61 timing idealTree:node_modules/node-red-node-mysql Completed in 1057ms
62 silly placeDep ROOT denque@2.1.0 OK for: mysql2@3.9.2 want: ^2.1.0
63 silly placeDep ROOT generate-function@2.3.1 OK for: mysql2@3.9.2 want: ^2.3.1
64 silly fetch manifest is-property@^1.0.2
65 silly placeDep ROOT iconv-lite@0.6.3 OK for: mysql2@3.9.2 want: ^0.6.3
66 silly placeDep node_modules/mysql2 long@5.2.3 OK for: mysql2@3.9.2 want: ^5.2.1
67 silly placeDep node_modules/mysql2 lru-cache@8.0.5 OK for: mysql2@3.9.2 want: ^8.0.0
68 silly placeDep ROOT named-placeholders@1.1.3 OK for: mysql2@3.9.2 want: ^1.1.3
69 silly fetch manifest lru-cache@^7.14.1
70 silly placeDep ROOT seq-queue@0.0.5 OK for: mysql2@3.9.2 want: ^0.0.5
71 silly placeDep ROOT sqlstring@2.3.3 OK for: mysql2@3.9.2 want: ^2.3.2
72 http fetch GET 200 https://registry.npmjs.org/is-property 201ms (cache miss)
73 timing idealTree:node_modules/mysql2 Completed in 257ms
74 timing idealTree:node_modules/denque Completed in 0ms
75 silly placeDep ROOT is-property@1.0.2 OK for: generate-function@2.3.1 want: ^1.0.2
76 timing idealTree:node_modules/generate-function Completed in 3ms
77 timing idealTree:node_modules/iconv-lite Completed in 0ms
78 timing idealTree:node_modules/is-property Completed in 0ms
79 silly placeDep node_modules/named-placeholders lru-cache@7.18.3 OK for: named-placeholders@1.1.3 want: ^7.14.1
80 timing idealTree:node_modules/named-placeholders Completed in 5ms
81 timing idealTree:node_modules/seq-queue Completed in 0ms
82 timing idealTree:node_modules/sqlstring Completed in 0ms
83 timing idealTree:node_modules/mysql2/node_modules/long Completed in 0ms
84 timing idealTree:node_modules/mysql2/node_modules/lru-cache Completed in 0ms
85 timing idealTree:node_modules/named-placeholders/node_modules/lru-cache Completed in 0ms
86 timing idealTree:buildDeps Completed in 2718ms
87 timing idealTree:fixDepFlags Completed in 9ms
88 timing idealTree Completed in 3503ms
89 timing reify:loadTrees Completed in 3505ms
90 timing reify:diffTrees Completed in 95ms
91 silly reify moves {}
92 timing reify:retireShallow Completed in 2ms
93 timing reify:createSparse Completed in 23ms
94 timing reify:trashOmits Completed in 1ms
95 timing reify:loadBundles Completed in 0ms
96 verbose reify failed optional dependency /data/node_modules/fsevents
97 silly reify mark deleted [ '/data/node_modules/fsevents' ]
98 timing reifyNode:node_modules/fsevents Completed in 9ms
99 silly tarball no local data for is-property@https://registry.npmjs.org/is-property/-/is-property-1.0.2.tgz. Extracting by manifest.
100 silly tarball no local data for named-placeholders@https://registry.npmjs.org/named-placeholders/-/named-placeholders-1.1.3.tgz. Extracting by manifest.
101 silly tarball no local data for sqlstring@https://registry.npmjs.org/sqlstring/-/sqlstring-2.3.3.tgz. Extracting by manifest.
102 silly tarball no local data for seq-queue@https://registry.npmjs.org/seq-queue/-/seq-queue-0.0.5.tgz. Extracting by manifest.
103 silly tarball no local data for iconv-lite@https://registry.npmjs.org/iconv-lite/-/iconv-lite-0.6.3.tgz. Extracting by manifest.
104 silly tarball no local data for generate-function@https://registry.npmjs.org/generate-function/-/generate-function-2.3.1.tgz. Extracting by manifest.
105 silly tarball no local data for mysql2@https://registry.npmjs.org/mysql2/-/mysql2-3.9.2.tgz. Extracting by manifest.
106 silly tarball no local data for denque@https://registry.npmjs.org/denque/-/denque-2.1.0.tgz. Extracting by manifest.
107 silly tarball no local data for node-red-node-mysql@https://registry.npmjs.org/node-red-node-mysql/-/node-red-node-mysql-2.0.0.tgz. Extracting by manifest.
108 silly tarball no local data for lru-cache@https://registry.npmjs.org/lru-cache/-/lru-cache-8.0.5.tgz. Extracting by manifest.
109 silly tarball no local data for long@https://registry.npmjs.org/long/-/long-5.2.3.tgz. Extracting by manifest.
110 silly tarball no local data for lru-cache@https://registry.npmjs.org/lru-cache/-/lru-cache-7.18.3.tgz. Extracting by manifest.
111 http fetch GET 200 https://registry.npmjs.org/generate-function/-/generate-function-2.3.1.tgz 490ms (cache miss)
112 timing reifyNode:node_modules/generate-function Completed in 542ms
113 http fetch GET 200 https://registry.npmjs.org/named-placeholders/-/named-placeholders-1.1.3.tgz 499ms (cache miss)
114 timing reifyNode:node_modules/named-placeholders Completed in 544ms
115 http fetch GET 200 https://registry.npmjs.org/is-property/-/is-property-1.0.2.tgz 536ms (cache miss)
116 timing reifyNode:node_modules/is-property Completed in 579ms
117 http fetch GET 200 https://registry.npmjs.org/sqlstring/-/sqlstring-2.3.3.tgz 588ms (cache miss)
118 timing reifyNode:node_modules/sqlstring Completed in 638ms
119 http fetch GET 200 https://registry.npmjs.org/seq-queue/-/seq-queue-0.0.5.tgz 611ms (cache miss)
120 timing reifyNode:node_modules/seq-queue Completed in 665ms
121 http fetch GET 200 https://registry.npmjs.org/denque/-/denque-2.1.0.tgz 644ms (cache miss)
122 timing reifyNode:node_modules/denque Completed in 702ms
123 http fetch GET 200 https://registry.npmjs.org/node-red-node-mysql/-/node-red-node-mysql-2.0.0.tgz 721ms (cache miss)
124 timing reifyNode:node_modules/node-red-node-mysql Completed in 776ms
125 http fetch GET 200 https://registry.npmjs.org/long/-/long-5.2.3.tgz 749ms (cache miss)
126 timing reifyNode:node_modules/mysql2/node_modules/long Completed in 821ms
127 http fetch GET 200 https://registry.npmjs.org/lru-cache/-/lru-cache-7.18.3.tgz 799ms (cache miss)
128 timing reifyNode:node_modules/named-placeholders/node_modules/lru-cache Completed in 888ms
129 http fetch GET 200 https://registry.npmjs.org/lru-cache/-/lru-cache-8.0.5.tgz 1137ms (cache miss)
130 timing reifyNode:node_modules/mysql2/node_modules/lru-cache Completed in 1202ms
131 http fetch GET 200 https://registry.npmjs.org/iconv-lite/-/iconv-lite-0.6.3.tgz 1192ms (cache miss)
132 timing reifyNode:node_modules/iconv-lite Completed in 1243ms
133 http fetch GET 200 https://registry.npmjs.org/mysql2/-/mysql2-3.9.2.tgz 1536ms (cache miss)
134 timing reifyNode:node_modules/mysql2 Completed in 1592ms
135 timing reify:unpack Completed in 1593ms
136 timing reify:unretire Completed in 1ms
137 timing build:queue Completed in 8ms
138 timing build:deps Completed in 9ms
139 timing build Completed in 23ms
140 timing reify:build Completed in 24ms
141 timing reify:trash Completed in 4ms
142 timing reify:save Completed in 954ms
143 timing reify Completed in 6600ms
144 silly ADD node_modules/is-property
145 silly ADD node_modules/sqlstring
146 silly ADD node_modules/seq-queue
147 silly ADD node_modules/named-placeholders
148 silly ADD node_modules/named-placeholders/node_modules/lru-cache
149 silly ADD node_modules/iconv-lite
150 silly ADD node_modules/generate-function
151 silly ADD node_modules/denque
152 silly ADD node_modules/mysql2
153 silly ADD node_modules/mysql2/node_modules/lru-cache
154 silly ADD node_modules/mysql2/node_modules/long
155 silly ADD node_modules/node-red-node-mysql
156 silly ADD
157 timing command:install Completed in 6615ms
158 verbose exit 0
159 timing npm Completed in 7055ms
160 info ok
