0 verbose cli /usr/local/bin/node /usr/local/bin/npm
1 info using npm@10.2.3
2 info using node@v18.19.0
3 timing npm:load:whichnode Completed in 1ms
4 timing config:load:defaults Completed in 2ms
5 timing config:load:file:/usr/local/lib/node_modules/npm/npmrc Completed in 1ms
6 timing config:load:builtin Completed in 2ms
7 warn config production Use `--omit=dev` instead.
8 timing config:load:cli Completed in 9ms
9 timing config:load:env Completed in 0ms
10 timing config:load:file:/data/.npmrc Completed in 1ms
11 timing config:load:project Completed in 6ms
12 timing config:load:file:/usr/src/node-red/.npmrc Completed in 1ms
13 timing config:load:user Completed in 1ms
14 timing config:load:file:/usr/local/etc/npmrc Completed in 2ms
15 timing config:load:global Completed in 2ms
16 timing config:load:setEnvs Completed in 1ms
17 timing config:load Completed in 24ms
18 timing npm:load:configload Completed in 25ms
19 timing config:load:flatten Completed in 4ms
20 timing npm:load:mkdirpcache Completed in 3ms
21 timing npm:load:mkdirplogs Completed in 4ms
22 verbose title npm install node-red-dashboard@3.6.5
23 verbose argv "install" "--no-audit" "--no-update-notifier" "--no-fund" "--save" "--save-prefix" "~" "--production" "--engine-strict" "node-red-dashboard@3.6.5"
24 timing npm:load:setTitle Completed in 3ms
25 timing npm:load:display Completed in 2ms
26 verbose logfile logs-max:10 dir:/data/.npm/_logs/2024-03-20T02_35_14_059Z-
27 verbose logfile /data/.npm/_logs/2024-03-20T02_35_14_059Z-debug-0.log
28 timing npm:load:logFile Completed in 27ms
29 timing npm:load:timers Completed in 0ms
30 timing npm:load:configScope Completed in 0ms
31 timing npm:load Completed in 96ms
32 timing arborist:ctor Completed in 1ms
33 silly logfile done cleaning log files
34 timing idealTree:init Completed in 70ms
35 timing idealTree:userRequests Completed in 3ms
36 silly idealTree buildDeps
37 silly fetch manifest node-red-dashboard@3.6.5
38 timing arborist:ctor Completed in 0ms
39 http fetch GET 200 https://registry.npmjs.org/node-red-dashboard 1152ms (cache miss)
40 silly placeDep ROOT node-red-dashboard@3.6.5 OK for: node-red-project@0.0.1 want: 3.6.5
41 silly fetch manifest compression@^1.7.4
42 silly fetch manifest gridstack@^0.6.4
43 silly fetch manifest serve-static@^1.15.0
44 silly fetch manifest socket.io@^4.7.4
45 http fetch GET 200 https://registry.npmjs.org/compression 99ms (cache miss)
46 http fetch GET 200 https://registry.npmjs.org/serve-static 169ms (cache miss)
47 http fetch GET 200 https://registry.npmjs.org/socket.io 261ms (cache miss)
48 http fetch GET 200 https://registry.npmjs.org/gridstack 1034ms (cache miss)
49 timing idealTree:#root Completed in 2211ms
50 silly placeDep ROOT compression@1.7.4 OK for: node-red-dashboard@3.6.5 want: ^1.7.4
51 silly fetch manifest accepts@~1.3.5
52 silly fetch manifest bytes@3.0.0
53 silly fetch manifest compressible@~2.0.16
54 silly fetch manifest debug@2.6.9
55 silly fetch manifest on-headers@~1.0.2
56 silly fetch manifest safe-buffer@5.1.2
57 silly fetch manifest vary@~1.1.2
58 silly placeDep ROOT gridstack@0.6.4 OK for: node-red-dashboard@3.6.5 want: ^0.6.4
59 silly fetch manifest jquery@^1.8 || 2 || 3
60 silly placeDep ROOT serve-static@1.15.0 OK for: node-red-dashboard@3.6.5 want: ^1.15.0
61 silly fetch manifest encodeurl@~1.0.2
62 silly fetch manifest escape-html@~1.0.3
63 silly fetch manifest parseurl@~1.3.3
64 silly fetch manifest send@0.18.0
65 silly placeDep ROOT socket.io@4.7.5 OK for: node-red-dashboard@3.6.5 want: ^4.7.4
66 silly fetch manifest accepts@~1.3.4
67 silly fetch manifest base64id@~2.0.0
68 silly fetch manifest cors@~2.8.5
69 silly fetch manifest engine.io@~6.5.2
70 silly fetch manifest socket.io-adapter@~2.5.2
71 silly fetch manifest socket.io-parser@~4.2.4
72 http fetch GET 200 https://registry.npmjs.org/debug 247ms (cache hit)
73 http fetch GET 200 https://registry.npmjs.org/on-headers 261ms (cache miss)
74 http fetch GET 200 https://registry.npmjs.org/accepts 268ms (cache miss)
75 http fetch GET 200 https://registry.npmjs.org/bytes 311ms (cache miss)
76 http fetch GET 200 https://registry.npmjs.org/compressible 389ms (cache miss)
77 http fetch GET 200 https://registry.npmjs.org/vary 407ms (cache miss)
78 http fetch GET 200 https://registry.npmjs.org/encodeurl 402ms (cache miss)
79 http fetch GET 200 https://registry.npmjs.org/parseurl 403ms (cache miss)
80 http fetch GET 200 https://registry.npmjs.org/base64id 398ms (cache miss)
81 http fetch GET 200 https://registry.npmjs.org/safe-buffer 418ms (cache miss)
82 http fetch GET 200 https://registry.npmjs.org/escape-html 420ms (cache miss)
83 http fetch GET 200 https://registry.npmjs.org/accepts 415ms (cache miss)
84 http fetch GET 200 https://registry.npmjs.org/cors 427ms (cache miss)
85 http fetch GET 200 https://registry.npmjs.org/jquery 467ms (cache miss)
86 http fetch GET 200 https://registry.npmjs.org/socket.io-adapter 452ms (cache miss)
87 http fetch GET 200 https://registry.npmjs.org/send 466ms (cache miss)
88 http fetch GET 200 https://registry.npmjs.org/socket.io-parser 467ms (cache miss)
89 http fetch GET 200 https://registry.npmjs.org/engine.io 492ms (cache miss)
90 timing idealTree:node_modules/node-red-dashboard Completed in 533ms
91 silly placeDep ROOT accepts@1.3.8 OK for: compression@1.7.4 want: ~1.3.5
92 silly fetch manifest mime-types@~2.1.34
93 silly fetch manifest negotiator@0.6.3
94 silly placeDep ROOT bytes@3.0.0 OK for: compression@1.7.4 want: 3.0.0
95 silly placeDep ROOT compressible@2.0.18 OK for: compression@1.7.4 want: ~2.0.16
96 silly fetch manifest mime-db@>= 1.43.0 < 2
97 silly placeDep node_modules/compression debug@2.6.9 OK for: compression@1.7.4 want: 2.6.9
98 silly fetch manifest ms@2.0.0
99 silly placeDep ROOT on-headers@1.0.2 OK for: compression@1.7.4 want: ~1.0.2
100 silly placeDep ROOT safe-buffer@5.1.2 OK for: compression@1.7.4 want: 5.1.2
101 silly placeDep ROOT vary@1.1.2 OK for: compression@1.7.4 want: ~1.1.2
102 http fetch GET 200 https://registry.npmjs.org/ms 51ms (cache hit)
103 http fetch GET 200 https://registry.npmjs.org/mime-types 125ms (cache miss)
104 http fetch GET 200 https://registry.npmjs.org/negotiator 128ms (cache miss)
105 http fetch GET 200 https://registry.npmjs.org/mime-db 125ms (cache miss)
106 timing idealTree:node_modules/compression Completed in 144ms
107 silly placeDep ROOT mime-types@2.1.35 OK for: accepts@1.3.8 want: ~2.1.34
108 silly fetch manifest mime-db@1.52.0
109 silly placeDep ROOT negotiator@0.6.3 OK for: accepts@1.3.8 want: 0.6.3
110 timing idealTree:node_modules/accepts Completed in 8ms
111 timing idealTree:node_modules/bytes Completed in 0ms
112 silly placeDep ROOT mime-db@1.52.0 OK for: compressible@2.0.18 want: >= 1.43.0 < 2
113 timing idealTree:node_modules/compressible Completed in 3ms
114 silly placeDep ROOT jquery@3.7.1 OK for: gridstack@0.6.4 want: ^1.8 || 2 || 3
115 timing idealTree:node_modules/gridstack Completed in 4ms
116 timing idealTree:node_modules/jquery Completed in 0ms
117 timing idealTree:node_modules/mime-db Completed in 0ms
118 timing idealTree:node_modules/mime-types Completed in 0ms
119 timing idealTree:node_modules/negotiator Completed in 0ms
120 timing idealTree:node_modules/on-headers Completed in 0ms
121 timing idealTree:node_modules/safe-buffer Completed in 0ms
122 silly placeDep ROOT encodeurl@1.0.2 OK for: serve-static@1.15.0 want: ~1.0.2
123 silly placeDep ROOT escape-html@1.0.3 OK for: serve-static@1.15.0 want: ~1.0.3
124 silly placeDep ROOT parseurl@1.3.3 OK for: serve-static@1.15.0 want: ~1.3.3
125 silly placeDep ROOT send@0.18.0 OK for: serve-static@1.15.0 want: 0.18.0
126 silly fetch manifest depd@2.0.0
127 silly fetch manifest destroy@1.2.0
128 silly fetch manifest etag@~1.8.1
129 silly fetch manifest fresh@0.5.2
130 silly fetch manifest http-errors@2.0.0
131 silly fetch manifest mime@1.6.0
132 silly fetch manifest ms@2.1.3
133 silly fetch manifest on-finished@2.4.1
134 silly fetch manifest range-parser@~1.2.1
135 silly fetch manifest statuses@2.0.1
136 http fetch GET 200 https://registry.npmjs.org/statuses 170ms (cache miss)
137 http fetch GET 200 https://registry.npmjs.org/on-finished 180ms (cache miss)
138 http fetch GET 200 https://registry.npmjs.org/depd 193ms (cache miss)
139 http fetch GET 200 https://registry.npmjs.org/etag 191ms (cache miss)
140 http fetch GET 200 https://registry.npmjs.org/fresh 192ms (cache miss)
141 http fetch GET 200 https://registry.npmjs.org/range-parser 193ms (cache miss)
142 http fetch GET 200 https://registry.npmjs.org/destroy 205ms (cache miss)
143 http fetch GET 200 https://registry.npmjs.org/http-errors 209ms (cache miss)
144 http fetch GET 200 https://registry.npmjs.org/mime 211ms (cache miss)
145 timing idealTree:node_modules/serve-static Completed in 236ms
146 timing idealTree:node_modules/encodeurl Completed in 0ms
147 timing idealTree:node_modules/escape-html Completed in 0ms
148 timing idealTree:node_modules/parseurl Completed in 0ms
149 silly placeDep node_modules/send debug@2.6.9 OK for: send@0.18.0 want: 2.6.9
150 silly placeDep ROOT depd@2.0.0 OK for: send@0.18.0 want: 2.0.0
151 silly placeDep ROOT destroy@1.2.0 OK for: send@0.18.0 want: 1.2.0
152 silly placeDep ROOT etag@1.8.1 OK for: send@0.18.0 want: ~1.8.1
153 silly placeDep ROOT fresh@0.5.2 OK for: send@0.18.0 want: 0.5.2
154 silly placeDep ROOT http-errors@2.0.0 OK for: send@0.18.0 want: 2.0.0
155 silly fetch manifest inherits@2.0.4
156 silly fetch manifest setprototypeof@1.2.0
157 silly fetch manifest toidentifier@1.0.1
158 silly placeDep ROOT mime@1.6.0 OK for: send@0.18.0 want: 1.6.0
159 silly placeDep node_modules/send ms@2.1.3 OK for: send@0.18.0 want: 2.1.3
160 silly placeDep ROOT on-finished@2.4.1 OK for: send@0.18.0 want: 2.4.1
161 silly fetch manifest ee-first@1.1.1
162 silly placeDep ROOT range-parser@1.2.1 OK for: send@0.18.0 want: ~1.2.1
163 silly placeDep ROOT statuses@2.0.1 OK for: send@0.18.0 want: 2.0.1
164 http fetch GET 200 https://registry.npmjs.org/inherits 111ms (cache miss)
165 http fetch GET 200 https://registry.npmjs.org/toidentifier 110ms (cache miss)
166 http fetch GET 200 https://registry.npmjs.org/setprototypeof 114ms (cache miss)
167 http fetch GET 200 https://registry.npmjs.org/ee-first 103ms (cache miss)
168 timing idealTree:node_modules/send Completed in 139ms
169 timing idealTree:node_modules/depd Completed in 0ms
170 timing idealTree:node_modules/destroy Completed in 0ms
171 timing idealTree:node_modules/etag Completed in 0ms
172 timing idealTree:node_modules/fresh Completed in 0ms
173 silly placeDep ROOT inherits@2.0.4 OK for: http-errors@2.0.0 want: 2.0.4
174 silly placeDep ROOT setprototypeof@1.2.0 OK for: http-errors@2.0.0 want: 1.2.0
175 silly placeDep ROOT toidentifier@1.0.1 OK for: http-errors@2.0.0 want: 1.0.1
176 timing idealTree:node_modules/http-errors Completed in 10ms
177 timing idealTree:node_modules/inherits Completed in 0ms
178 timing idealTree:node_modules/mime Completed in 0ms
179 silly placeDep ROOT ee-first@1.1.1 OK for: on-finished@2.4.1 want: 1.1.1
180 timing idealTree:node_modules/on-finished Completed in 2ms
181 timing idealTree:node_modules/ee-first Completed in 0ms
182 timing idealTree:node_modules/range-parser Completed in 0ms
183 timing idealTree:node_modules/setprototypeof Completed in 0ms
184 silly placeDep ROOT base64id@2.0.0 OK for: socket.io@4.7.5 want: ~2.0.0
185 silly placeDep ROOT cors@2.8.5 OK for: socket.io@4.7.5 want: ~2.8.5
186 silly fetch manifest object-assign@^4
187 silly placeDep ROOT engine.io@6.5.4 OK for: socket.io@4.7.5 want: ~6.5.2
188 silly fetch manifest @types/cookie@^0.4.1
189 silly fetch manifest @types/cors@^2.8.12
190 silly fetch manifest @types/node@>=10.0.0
191 silly fetch manifest cookie@~0.4.1
192 silly fetch manifest engine.io-parser@~5.2.1
193 silly fetch manifest ws@~8.11.0
194 silly placeDep ROOT socket.io-adapter@2.5.4 OK for: socket.io@4.7.5 want: ~2.5.2
195 silly placeDep ROOT socket.io-parser@4.2.4 OK for: socket.io@4.7.5 want: ~4.2.4
196 silly fetch manifest @socket.io/component-emitter@~3.1.0
197 http fetch GET 200 https://registry.npmjs.org/cookie 187ms (cache miss)
198 http fetch GET 200 https://registry.npmjs.org/@socket.io%2fcomponent-emitter 183ms (cache miss)
199 http fetch GET 200 https://registry.npmjs.org/@types%2fcookie 210ms (cache miss)
200 http fetch GET 200 https://registry.npmjs.org/engine.io-parser 213ms (cache miss)
201 http fetch GET 200 https://registry.npmjs.org/object-assign 256ms (cache miss)
202 http fetch GET 200 https://registry.npmjs.org/ws 250ms (cache miss)
203 http fetch GET 200 https://registry.npmjs.org/@types%2fcors 285ms (cache miss)
204 http fetch GET 200 https://registry.npmjs.org/@types%2fnode 349ms (cache miss)
205 timing idealTree:node_modules/socket.io Completed in 380ms
206 timing idealTree:node_modules/base64id Completed in 0ms
207 silly placeDep ROOT object-assign@4.1.1 OK for: cors@2.8.5 want: ^4
208 timing idealTree:node_modules/cors Completed in 3ms
209 silly fetch manifest bufferutil@^4.0.1
210 http fetch GET 200 https://registry.npmjs.org/bufferutil 113ms (cache miss)
211 silly fetch manifest utf-8-validate@^5.0.2
212 http fetch GET 200 https://registry.npmjs.org/utf-8-validate 111ms (cache miss)
213 silly placeDep ROOT @types/cookie@0.4.1 OK for: engine.io@6.5.4 want: ^0.4.1
214 silly placeDep ROOT @types/cors@2.8.17 OK for: engine.io@6.5.4 want: ^2.8.12
215 silly fetch manifest @types/node@*
216 silly placeDep ROOT @types/node@20.11.30 OK for: engine.io@6.5.4 want: >=10.0.0
217 silly fetch manifest undici-types@~5.26.4
218 silly placeDep ROOT cookie@0.4.2 OK for: engine.io@6.5.4 want: ~0.4.1
219 silly placeDep ROOT engine.io-parser@5.2.2 OK for: engine.io@6.5.4 want: ~5.2.1
220 silly placeDep ROOT ws@8.11.0 OK for: engine.io@6.5.4 want: ~8.11.0
221 http fetch GET 200 https://registry.npmjs.org/undici-types 92ms (cache miss)
222 timing idealTree:node_modules/engine.io Completed in 341ms
223 timing idealTree:node_modules/@types/cookie Completed in 0ms
224 timing idealTree:node_modules/@types/cors Completed in 0ms
225 silly placeDep ROOT undici-types@5.26.5 OK for: @types/node@20.11.30 want: ~5.26.4
226 timing idealTree:node_modules/@types/node Completed in 4ms
227 timing idealTree:node_modules/cookie Completed in 1ms
228 timing idealTree:node_modules/engine.io-parser Completed in 0ms
229 timing idealTree:node_modules/object-assign Completed in 0ms
230 timing idealTree:node_modules/socket.io-adapter Completed in 0ms
231 silly placeDep ROOT @socket.io/component-emitter@3.1.0 OK for: socket.io-parser@4.2.4 want: ~3.1.0
232 timing idealTree:node_modules/socket.io-parser Completed in 4ms
233 timing idealTree:node_modules/@socket.io/component-emitter Completed in 0ms
234 timing idealTree:node_modules/statuses Completed in 0ms
235 timing idealTree:node_modules/toidentifier Completed in 0ms
236 timing idealTree:node_modules/undici-types Completed in 0ms
237 timing idealTree:node_modules/vary Completed in 0ms
238 timing idealTree:node_modules/ws Completed in 0ms
239 silly placeDep node_modules/compression ms@2.0.0 OK for: debug@2.6.9 want: 2.0.0
240 timing idealTree:node_modules/compression/node_modules/debug Completed in 5ms
241 timing idealTree:node_modules/compression/node_modules/ms Completed in 0ms
242 silly placeDep node_modules/send/node_modules/debug ms@2.0.0 OK for: debug@2.6.9 want: 2.0.0
243 timing idealTree:node_modules/send/node_modules/debug Completed in 3ms
244 timing idealTree:node_modules/send/node_modules/ms Completed in 0ms
245 timing idealTree:node_modules/send/node_modules/debug/node_modules/ms Completed in 0ms
246 timing idealTree:buildDeps Completed in 4055ms
247 timing idealTree:fixDepFlags Completed in 2ms
248 timing idealTree Completed in 4137ms
249 timing reify:loadTrees Completed in 4139ms
250 timing reify:diffTrees Completed in 33ms
251 silly reify moves {}
252 timing reify:retireShallow Completed in 2ms
253 timing reify:createSparse Completed in 74ms
254 timing reify:trashOmits Completed in 0ms
255 timing reify:loadBundles Completed in 0ms
256 silly tarball no local data for undici-types@https://registry.npmjs.org/undici-types/-/undici-types-5.26.5.tgz. Extracting by manifest.
257 silly tarball no local data for ws@https://registry.npmjs.org/ws/-/ws-8.11.0.tgz. Extracting by manifest.
258 silly tarball no local data for object-assign@https://registry.npmjs.org/object-assign/-/object-assign-4.1.1.tgz. Extracting by manifest.
259 silly tarball no local data for engine.io-parser@https://registry.npmjs.org/engine.io-parser/-/engine.io-parser-5.2.2.tgz. Extracting by manifest.
260 silly tarball no local data for cookie@https://registry.npmjs.org/cookie/-/cookie-0.4.2.tgz. Extracting by manifest.
261 silly tarball no local data for @types/node@https://registry.npmjs.org/@types/node/-/node-20.11.30.tgz. Extracting by manifest.
262 silly tarball no local data for @socket.io/component-emitter@https://registry.npmjs.org/@socket.io/component-emitter/-/component-emitter-3.1.0.tgz. Extracting by manifest.
263 silly tarball no local data for socket.io-parser@https://registry.npmjs.org/socket.io-parser/-/socket.io-parser-4.2.4.tgz. Extracting by manifest.
264 silly tarball no local data for @types/cookie@https://registry.npmjs.org/@types/cookie/-/cookie-0.4.1.tgz. Extracting by manifest.
265 silly tarball no local data for cors@https://registry.npmjs.org/cors/-/cors-2.8.5.tgz. Extracting by manifest.
266 silly tarball no local data for base64id@https://registry.npmjs.org/base64id/-/base64id-2.0.0.tgz. Extracting by manifest.
267 silly tarball no local data for @types/cors@https://registry.npmjs.org/@types/cors/-/cors-2.8.17.tgz. Extracting by manifest.
268 silly tarball no local data for socket.io-adapter@https://registry.npmjs.org/socket.io-adapter/-/socket.io-adapter-2.5.4.tgz. Extracting by manifest.
269 silly tarball no local data for engine.io@https://registry.npmjs.org/engine.io/-/engine.io-6.5.4.tgz. Extracting by manifest.
270 silly tarball no local data for inherits@https://registry.npmjs.org/inherits/-/inherits-2.0.4.tgz. Extracting by manifest.
271 silly tarball no local data for ee-first@https://registry.npmjs.org/ee-first/-/ee-first-1.1.1.tgz. Extracting by manifest.
272 silly tarball no local data for toidentifier@https://registry.npmjs.org/toidentifier/-/toidentifier-1.0.1.tgz. Extracting by manifest.
273 silly tarball no local data for setprototypeof@https://registry.npmjs.org/setprototypeof/-/setprototypeof-1.2.0.tgz. Extracting by manifest.
274 silly tarball no local data for range-parser@https://registry.npmjs.org/range-parser/-/range-parser-1.2.1.tgz. Extracting by manifest.
275 silly tarball no local data for http-errors@https://registry.npmjs.org/http-errors/-/http-errors-2.0.0.tgz. Extracting by manifest.
276 silly tarball no local data for statuses@https://registry.npmjs.org/statuses/-/statuses-2.0.1.tgz. Extracting by manifest.
277 silly tarball no local data for on-finished@https://registry.npmjs.org/on-finished/-/on-finished-2.4.1.tgz. Extracting by manifest.
278 silly tarball no local data for fresh@https://registry.npmjs.org/fresh/-/fresh-0.5.2.tgz. Extracting by manifest.
279 silly tarball no local data for depd@https://registry.npmjs.org/depd/-/depd-2.0.0.tgz. Extracting by manifest.
280 silly tarball no local data for mime@https://registry.npmjs.org/mime/-/mime-1.6.0.tgz. Extracting by manifest.
281 silly tarball no local data for destroy@https://registry.npmjs.org/destroy/-/destroy-1.2.0.tgz. Extracting by manifest.
282 silly tarball no local data for etag@https://registry.npmjs.org/etag/-/etag-1.8.1.tgz. Extracting by manifest.
283 silly tarball no local data for parseurl@https://registry.npmjs.org/parseurl/-/parseurl-1.3.3.tgz. Extracting by manifest.
284 silly tarball no local data for send@https://registry.npmjs.org/send/-/send-0.18.0.tgz. Extracting by manifest.
285 silly tarball no local data for escape-html@https://registry.npmjs.org/escape-html/-/escape-html-1.0.3.tgz. Extracting by manifest.
286 silly tarball no local data for jquery@https://registry.npmjs.org/jquery/-/jquery-3.7.1.tgz. Extracting by manifest.
287 silly tarball no local data for mime-types@https://registry.npmjs.org/mime-types/-/mime-types-2.1.35.tgz. Extracting by manifest.
288 silly tarball no local data for encodeurl@https://registry.npmjs.org/encodeurl/-/encodeurl-1.0.2.tgz. Extracting by manifest.
289 silly tarball no local data for mime-db@https://registry.npmjs.org/mime-db/-/mime-db-1.52.0.tgz. Extracting by manifest.
290 silly tarball no local data for negotiator@https://registry.npmjs.org/negotiator/-/negotiator-0.6.3.tgz. Extracting by manifest.
291 silly tarball no local data for on-headers@https://registry.npmjs.org/on-headers/-/on-headers-1.0.2.tgz. Extracting by manifest.
292 silly tarball no local data for vary@https://registry.npmjs.org/vary/-/vary-1.1.2.tgz. Extracting by manifest.
293 silly tarball no local data for bytes@https://registry.npmjs.org/bytes/-/bytes-3.0.0.tgz. Extracting by manifest.
294 silly tarball no local data for safe-buffer@https://registry.npmjs.org/safe-buffer/-/safe-buffer-5.1.2.tgz. Extracting by manifest.
295 silly tarball no local data for compressible@https://registry.npmjs.org/compressible/-/compressible-2.0.18.tgz. Extracting by manifest.
296 silly tarball no local data for serve-static@https://registry.npmjs.org/serve-static/-/serve-static-1.15.0.tgz. Extracting by manifest.
297 silly tarball no local data for socket.io@https://registry.npmjs.org/socket.io/-/socket.io-4.7.5.tgz. Extracting by manifest.
298 silly tarball no local data for gridstack@https://registry.npmjs.org/gridstack/-/gridstack-0.6.4.tgz. Extracting by manifest.
299 silly tarball no local data for compression@https://registry.npmjs.org/compression/-/compression-1.7.4.tgz. Extracting by manifest.
300 silly tarball no local data for node-red-dashboard@https://registry.npmjs.org/node-red-dashboard/-/node-red-dashboard-3.6.5.tgz. Extracting by manifest.
301 silly tarball no local data for debug@https://registry.npmjs.org/debug/-/debug-2.6.9.tgz. Extracting by manifest.
302 silly tarball no local data for accepts@https://registry.npmjs.org/accepts/-/accepts-1.3.8.tgz. Extracting by manifest.
303 silly tarball no local data for ms@https://registry.npmjs.org/ms/-/ms-2.1.3.tgz. Extracting by manifest.
304 silly tarball no local data for ms@https://registry.npmjs.org/ms/-/ms-2.0.0.tgz. Extracting by manifest.
305 silly tarball no local data for debug@https://registry.npmjs.org/debug/-/debug-2.6.9.tgz. Extracting by manifest.
306 silly tarball no local data for ms@https://registry.npmjs.org/ms/-/ms-2.0.0.tgz. Extracting by manifest.
307 http fetch GET 200 https://registry.npmjs.org/cookie/-/cookie-0.4.2.tgz 1640ms (cache miss)
308 timing reifyNode:node_modules/cookie Completed in 1771ms
309 http fetch GET 200 https://registry.npmjs.org/cors/-/cors-2.8.5.tgz 1744ms (cache miss)
310 timing reifyNode:node_modules/cors Completed in 1883ms
311 http fetch GET 200 https://registry.npmjs.org/object-assign/-/object-assign-4.1.1.tgz 1794ms (cache miss)
312 timing reifyNode:node_modules/object-assign Completed in 1920ms
313 http fetch GET 200 https://registry.npmjs.org/socket.io-parser/-/socket.io-parser-4.2.4.tgz 1787ms (cache miss)
314 http fetch GET 200 https://registry.npmjs.org/@socket.io/component-emitter/-/component-emitter-3.1.0.tgz 1804ms (cache miss)
315 timing reifyNode:node_modules/@socket.io/component-emitter Completed in 1938ms
316 http fetch GET 200 https://registry.npmjs.org/@types/cookie/-/cookie-0.4.1.tgz 1802ms (cache miss)
317 timing reifyNode:node_modules/@types/cookie Completed in 1939ms
318 http fetch GET 200 https://registry.npmjs.org/base64id/-/base64id-2.0.0.tgz 1802ms (cache miss)
319 timing reifyNode:node_modules/base64id Completed in 1942ms
320 http fetch GET 200 https://registry.npmjs.org/inherits/-/inherits-2.0.4.tgz 2001ms (cache miss)
321 timing reifyNode:node_modules/inherits Completed in 2149ms
322 http fetch GET 200 https://registry.npmjs.org/@types/cors/-/cors-2.8.17.tgz 2048ms (cache miss)
323 timing reifyNode:node_modules/@types/cors Completed in 2204ms
324 http fetch GET 200 https://registry.npmjs.org/ee-first/-/ee-first-1.1.1.tgz 2083ms (cache miss)
325 timing reifyNode:node_modules/ee-first Completed in 2234ms
326 http fetch GET 200 https://registry.npmjs.org/statuses/-/statuses-2.0.1.tgz 2102ms (cache miss)
327 timing reifyNode:node_modules/statuses Completed in 2258ms
328 http fetch GET 200 https://registry.npmjs.org/compressible/-/compressible-2.0.18.tgz 2077ms (cache miss)
329 timing reifyNode:node_modules/compressible Completed in 2281ms
330 http fetch GET 200 https://registry.npmjs.org/parseurl/-/parseurl-1.3.3.tgz 2118ms (cache miss)
331 timing reifyNode:node_modules/parseurl Completed in 2285ms
332 http fetch GET 200 https://registry.npmjs.org/escape-html/-/escape-html-1.0.3.tgz 2118ms (cache miss)
333 timing reifyNode:node_modules/escape-html Completed in 2287ms
334 http fetch GET 200 https://registry.npmjs.org/etag/-/etag-1.8.1.tgz 2124ms (cache miss)
335 timing reifyNode:node_modules/etag Completed in 2289ms
336 http fetch GET 200 https://registry.npmjs.org/destroy/-/destroy-1.2.0.tgz 2128ms (cache miss)
337 timing reifyNode:node_modules/destroy Completed in 2292ms
338 http fetch GET 200 https://registry.npmjs.org/toidentifier/-/toidentifier-1.0.1.tgz 2142ms (cache miss)
339 timing reifyNode:node_modules/toidentifier Completed in 2295ms
340 http fetch GET 200 https://registry.npmjs.org/setprototypeof/-/setprototypeof-1.2.0.tgz 2143ms (cache miss)
341 timing reifyNode:node_modules/setprototypeof Completed in 2297ms
342 http fetch GET 200 https://registry.npmjs.org/http-errors/-/http-errors-2.0.0.tgz 2177ms (cache miss)
343 timing reifyNode:node_modules/http-errors Completed in 2333ms
344 http fetch GET 200 https://registry.npmjs.org/fresh/-/fresh-0.5.2.tgz 2176ms (cache miss)
345 timing reifyNode:node_modules/fresh Completed in 2336ms
346 http fetch GET 200 https://registry.npmjs.org/encodeurl/-/encodeurl-1.0.2.tgz 2164ms (cache miss)
347 timing reifyNode:node_modules/encodeurl Completed in 2338ms
348 http fetch GET 200 https://registry.npmjs.org/on-finished/-/on-finished-2.4.1.tgz 2182ms (cache miss)
349 timing reifyNode:node_modules/on-finished Completed in 2340ms
350 http fetch GET 200 https://registry.npmjs.org/negotiator/-/negotiator-0.6.3.tgz 2165ms (cache miss)
351 http fetch GET 200 https://registry.npmjs.org/on-headers/-/on-headers-1.0.2.tgz 2164ms (cache miss)
352 timing reifyNode:node_modules/on-headers Completed in 2342ms
353 http fetch GET 200 https://registry.npmjs.org/ms/-/ms-2.1.3.tgz 2147ms (cache miss)
354 timing reifyNode:node_modules/send/node_modules/ms Completed in 2346ms
355 http fetch GET 200 https://registry.npmjs.org/accepts/-/accepts-1.3.8.tgz 2159ms (cache miss)
356 timing reifyNode:node_modules/accepts Completed in 2355ms
357 timing reifyNode:node_modules/negotiator Completed in 2357ms
358 http fetch GET 200 https://registry.npmjs.org/range-parser/-/range-parser-1.2.1.tgz 2206ms (cache miss)
359 timing reifyNode:node_modules/range-parser Completed in 2360ms
360 http fetch GET 200 https://registry.npmjs.org/vary/-/vary-1.1.2.tgz 2183ms (cache miss)
361 timing reifyNode:node_modules/vary Completed in 2363ms
362 http fetch GET 200 https://registry.npmjs.org/ms/-/ms-2.0.0.tgz 2211ms (cache miss)
363 timing reifyNode:node_modules/compression/node_modules/ms Completed in 2420ms
364 http fetch GET 200 https://registry.npmjs.org/bytes/-/bytes-3.0.0.tgz 2240ms (cache miss)
365 timing reifyNode:node_modules/bytes Completed in 2421ms
366 http fetch GET 200 https://registry.npmjs.org/mime-types/-/mime-types-2.1.35.tgz 2272ms (cache miss)
367 timing reifyNode:node_modules/mime-types Completed in 2443ms
368 http fetch GET 200 https://registry.npmjs.org/ms/-/ms-2.0.0.tgz 2182ms (cache miss)
369 timing reifyNode:node_modules/send/node_modules/debug/node_modules/ms Completed in 2499ms
370 http fetch GET 200 https://registry.npmjs.org/depd/-/depd-2.0.0.tgz 2347ms (cache miss)
371 timing reifyNode:node_modules/depd Completed in 2508ms
372 http fetch GET 200 https://registry.npmjs.org/safe-buffer/-/safe-buffer-5.1.2.tgz 2328ms (cache miss)
373 timing reifyNode:node_modules/safe-buffer Completed in 2511ms
374 http fetch GET 200 https://registry.npmjs.org/serve-static/-/serve-static-1.15.0.tgz 2341ms (cache miss)
375 timing reifyNode:node_modules/serve-static Completed in 2529ms
376 http fetch GET 200 https://registry.npmjs.org/socket.io-adapter/-/socket.io-adapter-2.5.4.tgz 2419ms (cache miss)
377 timing reifyNode:node_modules/socket.io-adapter Completed in 2563ms
378 http fetch GET 200 https://registry.npmjs.org/compression/-/compression-1.7.4.tgz 2373ms (cache miss)
379 timing reifyNode:node_modules/compression Completed in 2565ms
380 http fetch GET 200 https://registry.npmjs.org/send/-/send-0.18.0.tgz 2479ms (cache miss)
381 timing reifyNode:node_modules/send Completed in 2647ms
382 timing reifyNode:node_modules/socket.io-parser Completed in 2662ms
383 http fetch GET 200 https://registry.npmjs.org/mime/-/mime-1.6.0.tgz 2572ms (cache miss)
384 timing reifyNode:node_modules/mime Completed in 2734ms
385 http fetch GET 200 https://registry.npmjs.org/mime-db/-/mime-db-1.52.0.tgz 2573ms (cache miss)
386 timing reifyNode:node_modules/mime-db Completed in 2752ms
387 http fetch GET 200 https://registry.npmjs.org/ws/-/ws-8.11.0.tgz 2634ms (cache miss)
388 timing reifyNode:node_modules/ws Completed in 2759ms
389 http fetch GET 200 https://registry.npmjs.org/debug/-/debug-2.6.9.tgz 2603ms (cache miss)
390 timing reifyNode:node_modules/compression/node_modules/debug Completed in 2797ms
391 http fetch GET 200 https://registry.npmjs.org/engine.io-parser/-/engine.io-parser-5.2.2.tgz 2704ms (cache miss)
392 http fetch GET 200 https://registry.npmjs.org/debug/-/debug-2.6.9.tgz 2627ms (cache miss)
393 timing reifyNode:node_modules/send/node_modules/debug Completed in 2843ms
394 timing reifyNode:node_modules/engine.io-parser Completed in 2866ms
395 http fetch GET 200 https://registry.npmjs.org/undici-types/-/undici-types-5.26.5.tgz 2785ms (cache miss)
396 timing reifyNode:node_modules/undici-types Completed in 2915ms
397 http fetch GET 200 https://registry.npmjs.org/engine.io/-/engine.io-6.5.4.tgz 2923ms (cache miss)
398 timing reifyNode:node_modules/engine.io Completed in 3070ms
399 http fetch GET 200 https://registry.npmjs.org/gridstack/-/gridstack-0.6.4.tgz 3109ms (cache miss)
400 timing reifyNode:node_modules/gridstack Completed in 3299ms
401 http fetch GET 200 https://registry.npmjs.org/socket.io/-/socket.io-4.7.5.tgz 3306ms (cache miss)
402 timing reifyNode:node_modules/socket.io Completed in 3505ms
403 http fetch GET 200 https://registry.npmjs.org/@types/node/-/node-20.11.30.tgz 3616ms (cache miss)
404 timing reifyNode:node_modules/@types/node Completed in 3757ms
405 http fetch GET 200 https://registry.npmjs.org/jquery/-/jquery-3.7.1.tgz 3831ms (cache miss)
406 timing reifyNode:node_modules/jquery Completed in 4000ms
407 http fetch GET 200 https://registry.npmjs.org/node-red-dashboard/-/node-red-dashboard-3.6.5.tgz 4050ms (cache miss)
408 timing reifyNode:node_modules/node-red-dashboard Completed in 4243ms
409 timing reify:unpack Completed in 4246ms
410 timing reify:unretire Completed in 0ms
411 timing build:queue Completed in 41ms
412 timing build:link:node_modules/mime Completed in 15ms
413 timing build:link Completed in 16ms
414 info run node-red-dashboard@3.6.5 postinstall node_modules/node-red-dashboard node fixgrid.js
415 info run node-red-dashboard@3.6.5 postinstall { code: 0, signal: null }
416 timing build:run:postinstall:node_modules/node-red-dashboard Completed in 238ms
417 timing build:run:postinstall Completed in 240ms
418 timing build:deps Completed in 298ms
419 timing build Completed in 299ms
420 timing reify:build Completed in 300ms
421 timing reify:trash Completed in 0ms
422 timing reify:save Completed in 210ms
423 timing reify Completed in 9137ms
424 silly ADD node_modules/@socket.io/component-emitter
425 silly ADD node_modules/undici-types
426 silly ADD node_modules/ws
427 silly ADD node_modules/engine.io-parser
428 silly ADD node_modules/cookie
429 silly ADD node_modules/@types/node
430 silly ADD node_modules/@types/cors
431 silly ADD node_modules/@types/cookie
432 silly ADD node_modules/object-assign
433 silly ADD node_modules/socket.io-parser
434 silly ADD node_modules/socket.io-adapter
435 silly ADD node_modules/engine.io
436 silly ADD node_modules/cors
437 silly ADD node_modules/base64id
438 silly ADD node_modules/ee-first
439 silly ADD node_modules/toidentifier
440 silly ADD node_modules/setprototypeof
441 silly ADD node_modules/inherits
442 silly ADD node_modules/statuses
443 silly ADD node_modules/range-parser
444 silly ADD node_modules/on-finished
445 silly ADD node_modules/mime
446 silly ADD node_modules/http-errors
447 silly ADD node_modules/fresh
448 silly ADD node_modules/etag
449 silly ADD node_modules/destroy
450 silly ADD node_modules/depd
451 silly ADD node_modules/send
452 silly ADD node_modules/send/node_modules/ms
453 silly ADD node_modules/send/node_modules/debug
454 silly ADD node_modules/send/node_modules/debug/node_modules/ms
455 silly ADD node_modules/parseurl
456 silly ADD node_modules/escape-html
457 silly ADD node_modules/encodeurl
458 silly ADD node_modules/jquery
459 silly ADD node_modules/mime-db
460 silly ADD node_modules/negotiator
461 silly ADD node_modules/mime-types
462 silly ADD node_modules/vary
463 silly ADD node_modules/safe-buffer
464 silly ADD node_modules/on-headers
465 silly ADD node_modules/compressible
466 silly ADD node_modules/bytes
467 silly ADD node_modules/accepts
468 silly ADD node_modules/socket.io
469 silly ADD node_modules/serve-static
470 silly ADD node_modules/gridstack
471 silly ADD node_modules/compression
472 silly ADD node_modules/compression/node_modules/ms
473 silly ADD node_modules/compression/node_modules/debug
474 silly ADD node_modules/node-red-dashboard
475 timing command:install Completed in 9167ms
476 verbose exit 0
477 timing npm Completed in 9554ms
478 info ok
